{"/Users/dengchangliang/www/dataflux-rum-sdk-javscript/packages/core/src/init.js": {"path":"/Users/dengchangliang/www/dataflux-rum-sdk-javscript/packages/core/src/init.js","statementMap":{"0":{"start":{"line":6,"column":18},"end":{"line":13,"column":3}},"1":{"start":{"line":9,"column":8},"end":{"line":9,"column":18}},"2":{"start":{"line":17,"column":2},"end":{"line":22,"column":4}},"3":{"start":{"line":19,"column":6},"end":{"line":19,"column":25}},"4":{"start":{"line":24,"column":2},"end":{"line":24,"column":18}},"5":{"start":{"line":27,"column":31},"end":{"line":27,"column":43}},"6":{"start":{"line":28,"column":2},"end":{"line":28,"column":20}},"7":{"start":{"line":29,"column":2},"end":{"line":33,"column":3}},"8":{"start":{"line":30,"column":4},"end":{"line":32,"column":6}},"9":{"start":{"line":31,"column":6},"end":{"line":31,"column":63}},"10":{"start":{"line":37,"column":2},"end":{"line":39,"column":3}},"11":{"start":{"line":38,"column":4},"end":{"line":38,"column":21}},"12":{"start":{"line":40,"column":2},"end":{"line":45,"column":4}},"13":{"start":{"line":42,"column":6},"end":{"line":42,"column":17}},"14":{"start":{"line":47,"column":21},"end":{"line":47,"column":30}},"15":{"start":{"line":49,"column":2},"end":{"line":49,"column":35}},"16":{"start":{"line":50,"column":2},"end":{"line":60,"column":3}},"17":{"start":{"line":53,"column":4},"end":{"line":59,"column":5}},"18":{"start":{"line":54,"column":6},"end":{"line":54,"column":25}},"19":{"start":{"line":55,"column":11},"end":{"line":59,"column":5}},"20":{"start":{"line":56,"column":6},"end":{"line":56,"column":27}},"21":{"start":{"line":58,"column":6},"end":{"line":58,"column":23}},"22":{"start":{"line":61,"column":2},"end":{"line":61,"column":21}}},"fnMap":{"0":{"name":"makePublicApi","decl":{"start":{"line":5,"column":16},"end":{"line":5,"column":29}},"loc":{"start":{"line":5,"column":36},"end":{"line":25,"column":1}},"line":5},"1":{"name":"(anonymous_1)","decl":{"start":{"line":8,"column":15},"end":{"line":8,"column":16}},"loc":{"start":{"line":8,"column":35},"end":{"line":10,"column":7}},"line":8},"2":{"name":"(anonymous_2)","decl":{"start":{"line":18,"column":9},"end":{"line":18,"column":10}},"loc":{"start":{"line":18,"column":21},"end":{"line":20,"column":5}},"line":18},"3":{"name":"defineGlobal","decl":{"start":{"line":26,"column":16},"end":{"line":26,"column":28}},"loc":{"start":{"line":26,"column":48},"end":{"line":34,"column":1}},"line":26},"4":{"name":"(anonymous_4)","decl":{"start":{"line":30,"column":35},"end":{"line":30,"column":36}},"loc":{"start":{"line":30,"column":49},"end":{"line":32,"column":5}},"line":30},"5":{"name":"getGlobalObject","decl":{"start":{"line":36,"column":16},"end":{"line":36,"column":31}},"loc":{"start":{"line":36,"column":34},"end":{"line":62,"column":1}},"line":36},"6":{"name":"(anonymous_6)","decl":{"start":{"line":41,"column":9},"end":{"line":41,"column":10}},"loc":{"start":{"line":41,"column":21},"end":{"line":43,"column":5}},"line":41}},"branchMap":{"0":{"loc":{"start":{"line":29,"column":2},"end":{"line":33,"column":3}},"type":"if","locations":[{"start":{"line":29,"column":2},"end":{"line":33,"column":3}},{"start":{"line":29,"column":2},"end":{"line":33,"column":3}}],"line":29},"1":{"loc":{"start":{"line":29,"column":6},"end":{"line":29,"column":56}},"type":"binary-expr","locations":[{"start":{"line":29,"column":6},"end":{"line":29,"column":28}},{"start":{"line":29,"column":32},"end":{"line":29,"column":56}}],"line":29},"2":{"loc":{"start":{"line":37,"column":2},"end":{"line":39,"column":3}},"type":"if","locations":[{"start":{"line":37,"column":2},"end":{"line":39,"column":3}},{"start":{"line":37,"column":2},"end":{"line":39,"column":3}}],"line":37},"3":{"loc":{"start":{"line":50,"column":2},"end":{"line":60,"column":3}},"type":"if","locations":[{"start":{"line":50,"column":2},"end":{"line":60,"column":3}},{"start":{"line":50,"column":2},"end":{"line":60,"column":3}}],"line":50},"4":{"loc":{"start":{"line":53,"column":4},"end":{"line":59,"column":5}},"type":"if","locations":[{"start":{"line":53,"column":4},"end":{"line":59,"column":5}},{"start":{"line":53,"column":4},"end":{"line":59,"column":5}}],"line":53},"5":{"loc":{"start":{"line":55,"column":11},"end":{"line":59,"column":5}},"type":"if","locations":[{"start":{"line":55,"column":11},"end":{"line":59,"column":5}},{"start":{"line":55,"column":11},"end":{"line":59,"column":5}}],"line":55}},"s":{"0":0,"1":0,"2":0,"3":0,"4":0,"5":0,"6":0,"7":0,"8":0,"9":0,"10":0,"11":0,"12":0,"13":0,"14":0,"15":0,"16":0,"17":0,"18":0,"19":0,"20":0,"21":0,"22":0},"f":{"0":0,"1":0,"2":0,"3":0,"4":0,"5":0,"6":0},"b":{"0":[0,0],"1":[0,0],"2":[0,0],"3":[0,0],"4":[0,0],"5":[0,0]},"_coverageSchema":"1a1c01bbd47fc00a2c39e90264f33305004495a9","hash":"ce770fc467ca530d479554bfeea2f59d72c52017"}
,"/Users/dengchangliang/www/dataflux-rum-sdk-javscript/packages/core/src/helper/catchUserErrors.js": {"path":"/Users/dengchangliang/www/dataflux-rum-sdk-javscript/packages/core/src/helper/catchUserErrors.js","statementMap":{"0":{"start":{"line":4,"column":2},"end":{"line":11,"column":3}},"1":{"start":{"line":5,"column":15},"end":{"line":5,"column":39}},"2":{"start":{"line":6,"column":4},"end":{"line":10,"column":5}},"3":{"start":{"line":7,"column":6},"end":{"line":7,"column":33}},"4":{"start":{"line":9,"column":6},"end":{"line":9,"column":34}}},"fnMap":{"0":{"name":"catchUserErrors","decl":{"start":{"line":3,"column":16},"end":{"line":3,"column":31}},"loc":{"start":{"line":3,"column":46},"end":{"line":12,"column":1}},"line":3},"1":{"name":"(anonymous_1)","decl":{"start":{"line":4,"column":9},"end":{"line":4,"column":10}},"loc":{"start":{"line":4,"column":20},"end":{"line":11,"column":3}},"line":4}},"branchMap":{},"s":{"0":0,"1":0,"2":0,"3":0,"4":0},"f":{"0":0,"1":0},"b":{},"_coverageSchema":"1a1c01bbd47fc00a2c39e90264f33305004495a9","hash":"c453f7c53c984885108ba030c1fd9188907d57a5"}
,"/Users/dengchangliang/www/dataflux-rum-sdk-javscript/packages/core/src/helper/display.js": {"path":"/Users/dengchangliang/www/dataflux-rum-sdk-javscript/packages/core/src/helper/display.js","statementMap":{"0":{"start":{"line":2,"column":28},"end":{"line":8,"column":1}},"1":{"start":{"line":9,"column":21},"end":{"line":15,"column":1}},"2":{"start":{"line":10,"column":13},"end":{"line":10,"column":40}},"3":{"start":{"line":11,"column":2},"end":{"line":13,"column":3}},"4":{"start":{"line":12,"column":4},"end":{"line":12,"column":28}},"5":{"start":{"line":14,"column":2},"end":{"line":14,"column":34}},"6":{"start":{"line":17,"column":0},"end":{"line":17,"column":43}},"7":{"start":{"line":18,"column":0},"end":{"line":18,"column":39}},"8":{"start":{"line":19,"column":0},"end":{"line":19,"column":41}},"9":{"start":{"line":20,"column":0},"end":{"line":20,"column":41}},"10":{"start":{"line":21,"column":0},"end":{"line":21,"column":43}}},"fnMap":{"0":{"name":"(anonymous_0)","decl":{"start":{"line":9,"column":21},"end":{"line":9,"column":22}},"loc":{"start":{"line":9,"column":35},"end":{"line":15,"column":1}},"line":9}},"branchMap":{"0":{"loc":{"start":{"line":11,"column":2},"end":{"line":13,"column":3}},"type":"if","locations":[{"start":{"line":11,"column":2},"end":{"line":13,"column":3}},{"start":{"line":11,"column":2},"end":{"line":13,"column":3}}],"line":11}},"s":{"0":1,"1":1,"2":0,"3":0,"4":0,"5":0,"6":1,"7":1,"8":1,"9":1,"10":1},"f":{"0":0},"b":{"0":[0,0]},"_coverageSchema":"1a1c01bbd47fc00a2c39e90264f33305004495a9","hash":"f543249a036a3c05ead37d5fbf9e7333c94321c7"}
,"/Users/dengchangliang/www/dataflux-rum-sdk-javscript/packages/core/src/helper/getZoneJsOriginalValue.js": {"path":"/Users/dengchangliang/www/dataflux-rum-sdk-javscript/packages/core/src/helper/getZoneJsOriginalValue.js","statementMap":{"0":{"start":{"line":15,"column":22},"end":{"line":15,"column":28}},"1":{"start":{"line":17,"column":2},"end":{"line":22,"column":3}},"2":{"start":{"line":21,"column":4},"end":{"line":21,"column":58}},"3":{"start":{"line":23,"column":2},"end":{"line":25,"column":3}},"4":{"start":{"line":24,"column":4},"end":{"line":24,"column":27}},"5":{"start":{"line":26,"column":2},"end":{"line":26,"column":17}}},"fnMap":{"0":{"name":"getZoneJsOriginalValue","decl":{"start":{"line":14,"column":16},"end":{"line":14,"column":38}},"loc":{"start":{"line":14,"column":53},"end":{"line":27,"column":1}},"line":14}},"branchMap":{"0":{"loc":{"start":{"line":17,"column":2},"end":{"line":22,"column":3}},"type":"if","locations":[{"start":{"line":17,"column":2},"end":{"line":22,"column":3}},{"start":{"line":17,"column":2},"end":{"line":22,"column":3}}],"line":17},"1":{"loc":{"start":{"line":18,"column":4},"end":{"line":19,"column":55}},"type":"binary-expr","locations":[{"start":{"line":18,"column":4},"end":{"line":18,"column":22}},{"start":{"line":19,"column":4},"end":{"line":19,"column":55}}],"line":18},"2":{"loc":{"start":{"line":23,"column":2},"end":{"line":25,"column":3}},"type":"if","locations":[{"start":{"line":23,"column":2},"end":{"line":25,"column":3}},{"start":{"line":23,"column":2},"end":{"line":25,"column":3}}],"line":23}},"s":{"0":0,"1":0,"2":0,"3":0,"4":0,"5":0},"f":{"0":0},"b":{"0":[0,0],"1":[0,0],"2":[0,0]},"_coverageSchema":"1a1c01bbd47fc00a2c39e90264f33305004495a9","hash":"736754e22494a2e503c22ed7693877695f6781b7"}
,"/Users/dengchangliang/www/dataflux-rum-sdk-javscript/packages/core/src/helper/monitor.js": {"path":"/Users/dengchangliang/www/dataflux-rum-sdk-javscript/packages/core/src/helper/monitor.js","statementMap":{"0":{"start":{"line":3,"column":16},"end":{"line":3,"column":21}},"1":{"start":{"line":6,"column":2},"end":{"line":6,"column":54}},"2":{"start":{"line":10,"column":2},"end":{"line":10,"column":26}},"3":{"start":{"line":14,"column":2},"end":{"line":14,"column":37}},"4":{"start":{"line":15,"column":2},"end":{"line":15,"column":19}},"5":{"start":{"line":19,"column":2},"end":{"line":21,"column":3}},"6":{"start":{"line":20,"column":4},"end":{"line":20,"column":45}},"7":{"start":{"line":25,"column":2},"end":{"line":36,"column":3}},"8":{"start":{"line":26,"column":4},"end":{"line":26,"column":34}},"9":{"start":{"line":28,"column":4},"end":{"line":28,"column":50}},"10":{"start":{"line":29,"column":4},"end":{"line":35,"column":5}},"11":{"start":{"line":30,"column":6},"end":{"line":34,"column":7}},"12":{"start":{"line":31,"column":8},"end":{"line":31,"column":34}},"13":{"start":{"line":33,"column":8},"end":{"line":33,"column":54}},"14":{"start":{"line":40,"column":13},"end":{"line":40,"column":40}},"15":{"start":{"line":42,"column":2},"end":{"line":44,"column":3}},"16":{"start":{"line":43,"column":4},"end":{"line":43,"column":56}}},"fnMap":{"0":{"name":"startMonitorErrorCollection","decl":{"start":{"line":5,"column":16},"end":{"line":5,"column":43}},"loc":{"start":{"line":5,"column":72},"end":{"line":7,"column":1}},"line":5},"1":{"name":"setDebugMode","decl":{"start":{"line":9,"column":16},"end":{"line":9,"column":28}},"loc":{"start":{"line":9,"column":43},"end":{"line":11,"column":1}},"line":9},"2":{"name":"resetMonitor","decl":{"start":{"line":13,"column":16},"end":{"line":13,"column":28}},"loc":{"start":{"line":13,"column":31},"end":{"line":16,"column":1}},"line":13},"3":{"name":"monitor","decl":{"start":{"line":18,"column":16},"end":{"line":18,"column":23}},"loc":{"start":{"line":18,"column":28},"end":{"line":22,"column":1}},"line":18},"4":{"name":"(anonymous_4)","decl":{"start":{"line":19,"column":9},"end":{"line":19,"column":10}},"loc":{"start":{"line":19,"column":21},"end":{"line":21,"column":3}},"line":19},"5":{"name":"callMonitored","decl":{"start":{"line":24,"column":16},"end":{"line":24,"column":29}},"loc":{"start":{"line":24,"column":49},"end":{"line":37,"column":1}},"line":24},"6":{"name":"displayIfDebugEnabled","decl":{"start":{"line":39,"column":16},"end":{"line":39,"column":37}},"loc":{"start":{"line":39,"column":43},"end":{"line":45,"column":1}},"line":39}},"branchMap":{"0":{"loc":{"start":{"line":29,"column":4},"end":{"line":35,"column":5}},"type":"if","locations":[{"start":{"line":29,"column":4},"end":{"line":35,"column":5}},{"start":{"line":29,"column":4},"end":{"line":35,"column":5}}],"line":29},"1":{"loc":{"start":{"line":42,"column":2},"end":{"line":44,"column":3}},"type":"if","locations":[{"start":{"line":42,"column":2},"end":{"line":44,"column":3}},{"start":{"line":42,"column":2},"end":{"line":44,"column":3}}],"line":42}},"s":{"0":1,"1":0,"2":0,"3":0,"4":0,"5":0,"6":0,"7":0,"8":0,"9":0,"10":0,"11":0,"12":0,"13":0,"14":0,"15":0,"16":0},"f":{"0":0,"1":0,"2":0,"3":0,"4":0,"5":0,"6":0},"b":{"0":[0,0],"1":[0,0]},"_coverageSchema":"1a1c01bbd47fc00a2c39e90264f33305004495a9","hash":"6d188a0ad51aa60133b6b5c8c85c88826622e626"}
,"/Users/dengchangliang/www/dataflux-rum-sdk-javscript/packages/core/src/helper/observable.js": {"path":"/Users/dengchangliang/www/dataflux-rum-sdk-javscript/packages/core/src/helper/observable.js","statementMap":{"0":{"start":{"line":2,"column":18},"end":{"line":6,"column":1}},"1":{"start":{"line":3,"column":2},"end":{"line":3,"column":21}},"2":{"start":{"line":4,"column":2},"end":{"line":4,"column":36}},"3":{"start":{"line":5,"column":2},"end":{"line":5,"column":42}},"4":{"start":{"line":7,"column":0},"end":{"line":30,"column":1}},"5":{"start":{"line":9,"column":4},"end":{"line":11,"column":5}},"6":{"start":{"line":10,"column":6},"end":{"line":10,"column":71}},"7":{"start":{"line":12,"column":4},"end":{"line":12,"column":26}},"8":{"start":{"line":13,"column":16},"end":{"line":13,"column":20}},"9":{"start":{"line":14,"column":4},"end":{"line":23,"column":5}},"10":{"start":{"line":16,"column":8},"end":{"line":18,"column":10}},"11":{"start":{"line":17,"column":10},"end":{"line":17,"column":28}},"12":{"start":{"line":19,"column":8},"end":{"line":21,"column":9}},"13":{"start":{"line":20,"column":10},"end":{"line":20,"column":35}},"14":{"start":{"line":26,"column":4},"end":{"line":28,"column":6}},"15":{"start":{"line":27,"column":6},"end":{"line":27,"column":20}},"16":{"start":{"line":31,"column":24},"end":{"line":31,"column":35}},"17":{"start":{"line":34,"column":20},"end":{"line":34,"column":44}},"18":{"start":{"line":35,"column":2},"end":{"line":46,"column":4}},"19":{"start":{"line":36,"column":24},"end":{"line":40,"column":6}},"20":{"start":{"line":37,"column":6},"end":{"line":39,"column":8}},"21":{"start":{"line":38,"column":8},"end":{"line":38,"column":44}},"22":{"start":{"line":41,"column":4},"end":{"line":45,"column":5}},"23":{"start":{"line":42,"column":6},"end":{"line":44,"column":8}},"24":{"start":{"line":43,"column":8},"end":{"line":43,"column":41}}},"fnMap":{"0":{"name":"(anonymous_0)","decl":{"start":{"line":2,"column":18},"end":{"line":2,"column":19}},"loc":{"start":{"line":2,"column":46},"end":{"line":6,"column":1}},"line":2},"1":{"name":"(anonymous_1)","decl":{"start":{"line":8,"column":13},"end":{"line":8,"column":14}},"loc":{"start":{"line":8,"column":26},"end":{"line":24,"column":3}},"line":8},"2":{"name":"(anonymous_2)","decl":{"start":{"line":15,"column":19},"end":{"line":15,"column":20}},"loc":{"start":{"line":15,"column":31},"end":{"line":22,"column":7}},"line":15},"3":{"name":"(anonymous_3)","decl":{"start":{"line":16,"column":50},"end":{"line":16,"column":51}},"loc":{"start":{"line":16,"column":67},"end":{"line":18,"column":9}},"line":16},"4":{"name":"(anonymous_4)","decl":{"start":{"line":25,"column":10},"end":{"line":25,"column":11}},"loc":{"start":{"line":25,"column":26},"end":{"line":29,"column":3}},"line":25},"5":{"name":"(anonymous_5)","decl":{"start":{"line":26,"column":25},"end":{"line":26,"column":26}},"loc":{"start":{"line":26,"column":45},"end":{"line":28,"column":5}},"line":26},"6":{"name":"mergeObservables","decl":{"start":{"line":33,"column":16},"end":{"line":33,"column":32}},"loc":{"start":{"line":33,"column":35},"end":{"line":47,"column":1}},"line":33},"7":{"name":"(anonymous_7)","decl":{"start":{"line":35,"column":24},"end":{"line":35,"column":25}},"loc":{"start":{"line":35,"column":52},"end":{"line":46,"column":3}},"line":35},"8":{"name":"(anonymous_8)","decl":{"start":{"line":36,"column":41},"end":{"line":36,"column":42}},"loc":{"start":{"line":36,"column":63},"end":{"line":40,"column":5}},"line":36},"9":{"name":"(anonymous_9)","decl":{"start":{"line":37,"column":34},"end":{"line":37,"column":35}},"loc":{"start":{"line":37,"column":50},"end":{"line":39,"column":7}},"line":37},"10":{"name":"(anonymous_10)","decl":{"start":{"line":41,"column":11},"end":{"line":41,"column":12}},"loc":{"start":{"line":41,"column":23},"end":{"line":45,"column":5}},"line":41},"11":{"name":"(anonymous_11)","decl":{"start":{"line":42,"column":33},"end":{"line":42,"column":34}},"loc":{"start":{"line":42,"column":57},"end":{"line":44,"column":7}},"line":42}},"branchMap":{"0":{"loc":{"start":{"line":9,"column":4},"end":{"line":11,"column":5}},"type":"if","locations":[{"start":{"line":9,"column":4},"end":{"line":11,"column":5}},{"start":{"line":9,"column":4},"end":{"line":11,"column":5}}],"line":9},"1":{"loc":{"start":{"line":9,"column":8},"end":{"line":9,"column":55}},"type":"binary-expr","locations":[{"start":{"line":9,"column":8},"end":{"line":9,"column":30}},{"start":{"line":9,"column":34},"end":{"line":9,"column":55}}],"line":9},"2":{"loc":{"start":{"line":10,"column":31},"end":{"line":10,"column":71}},"type":"binary-expr","locations":[{"start":{"line":10,"column":31},"end":{"line":10,"column":58}},{"start":{"line":10,"column":62},"end":{"line":10,"column":71}}],"line":10},"3":{"loc":{"start":{"line":19,"column":8},"end":{"line":21,"column":9}},"type":"if","locations":[{"start":{"line":19,"column":8},"end":{"line":21,"column":9}},{"start":{"line":19,"column":8},"end":{"line":21,"column":9}}],"line":19},"4":{"loc":{"start":{"line":19,"column":12},"end":{"line":19,"column":62}},"type":"binary-expr","locations":[{"start":{"line":19,"column":12},"end":{"line":19,"column":35}},{"start":{"line":19,"column":39},"end":{"line":19,"column":62}}],"line":19}},"s":{"0":1,"1":15,"2":15,"3":15,"4":1,"5":15,"6":5,"7":15,"8":15,"9":15,"10":6,"11":7,"12":6,"13":2,"14":10,"15":8,"16":1,"17":2,"18":2,"19":2,"20":4,"21":2,"22":2,"23":1,"24":2},"f":{"0":15,"1":15,"2":6,"3":7,"4":10,"5":8,"6":2,"7":2,"8":4,"9":2,"10":1,"11":2},"b":{"0":[5,10],"1":[15,12],"2":[5,2],"3":[2,4],"4":[6,5]},"_coverageSchema":"1a1c01bbd47fc00a2c39e90264f33305004495a9","hash":"3c05466954561f5a5e8a7e1600ed657447e7b0f0"}
,"/Users/dengchangliang/www/dataflux-rum-sdk-javscript/packages/core/src/helper/timer.js": {"path":"/Users/dengchangliang/www/dataflux-rum-sdk-javscript/packages/core/src/helper/timer.js","statementMap":{"0":{"start":{"line":5,"column":2},"end":{"line":8,"column":3}},"1":{"start":{"line":12,"column":2},"end":{"line":12,"column":70}},"2":{"start":{"line":16,"column":2},"end":{"line":16,"column":80}},"3":{"start":{"line":20,"column":2},"end":{"line":20,"column":60}}},"fnMap":{"0":{"name":"setTimeout","decl":{"start":{"line":4,"column":16},"end":{"line":4,"column":26}},"loc":{"start":{"line":4,"column":44},"end":{"line":9,"column":1}},"line":4},"1":{"name":"clearTimeout","decl":{"start":{"line":11,"column":16},"end":{"line":11,"column":28}},"loc":{"start":{"line":11,"column":40},"end":{"line":13,"column":1}},"line":11},"2":{"name":"setInterval","decl":{"start":{"line":15,"column":16},"end":{"line":15,"column":27}},"loc":{"start":{"line":15,"column":45},"end":{"line":17,"column":1}},"line":15},"3":{"name":"clearInterval","decl":{"start":{"line":19,"column":16},"end":{"line":19,"column":29}},"loc":{"start":{"line":19,"column":41},"end":{"line":21,"column":1}},"line":19}},"branchMap":{},"s":{"0":0,"1":0,"2":0,"3":0},"f":{"0":0,"1":0,"2":0,"3":0},"b":{},"_coverageSchema":"1a1c01bbd47fc00a2c39e90264f33305004495a9","hash":"9ba4e1e9239e675f484911375a9ada35efd6a5bb"}
,"/Users/dengchangliang/www/dataflux-rum-sdk-javscript/packages/core/src/helper/tools.js": {"path":"/Users/dengchangliang/www/dataflux-rum-sdk-javscript/packages/core/src/helper/tools.js","statementMap":{"0":{"start":{"line":3,"column":17},"end":{"line":3,"column":32}},"1":{"start":{"line":4,"column":16},"end":{"line":4,"column":34}},"2":{"start":{"line":5,"column":15},"end":{"line":5,"column":31}},"3":{"start":{"line":6,"column":12},"end":{"line":6,"column":28}},"4":{"start":{"line":7,"column":15},"end":{"line":7,"column":32}},"5":{"start":{"line":8,"column":21},"end":{"line":8,"column":44}},"6":{"start":{"line":9,"column":20},"end":{"line":9,"column":38}},"7":{"start":{"line":10,"column":20},"end":{"line":10,"column":33}},"8":{"start":{"line":11,"column":14},"end":{"line":11,"column":19}},"9":{"start":{"line":12,"column":18},"end":{"line":31,"column":1}},"10":{"start":{"line":13,"column":2},"end":{"line":13,"column":32}},"11":{"start":{"line":13,"column":20},"end":{"line":13,"column":32}},"12":{"start":{"line":14,"column":2},"end":{"line":30,"column":3}},"13":{"start":{"line":15,"column":4},"end":{"line":15,"column":34}},"14":{"start":{"line":16,"column":9},"end":{"line":30,"column":3}},"15":{"start":{"line":17,"column":4},"end":{"line":21,"column":5}},"16":{"start":{"line":17,"column":17},"end":{"line":17,"column":18}},"17":{"start":{"line":17,"column":24},"end":{"line":17,"column":34}},"18":{"start":{"line":18,"column":6},"end":{"line":20,"column":7}},"19":{"start":{"line":19,"column":8},"end":{"line":19,"column":20}},"20":{"start":{"line":23,"column":4},"end":{"line":29,"column":5}},"21":{"start":{"line":24,"column":6},"end":{"line":28,"column":7}},"22":{"start":{"line":25,"column":8},"end":{"line":27,"column":9}},"23":{"start":{"line":26,"column":10},"end":{"line":26,"column":22}},"24":{"start":{"line":33,"column":2},"end":{"line":39,"column":4}},"25":{"start":{"line":34,"column":4},"end":{"line":38,"column":5}},"26":{"start":{"line":35,"column":6},"end":{"line":37,"column":7}},"27":{"start":{"line":36,"column":8},"end":{"line":36,"column":35}},"28":{"start":{"line":40,"column":2},"end":{"line":40,"column":15}},"29":{"start":{"line":44,"column":2},"end":{"line":44,"column":27}},"30":{"start":{"line":46,"column":20},"end":{"line":55,"column":1}},"31":{"start":{"line":47,"column":2},"end":{"line":53,"column":4}},"32":{"start":{"line":48,"column":4},"end":{"line":52,"column":5}},"33":{"start":{"line":49,"column":6},"end":{"line":51,"column":7}},"34":{"start":{"line":50,"column":8},"end":{"line":50,"column":32}},"35":{"start":{"line":54,"column":2},"end":{"line":54,"column":12}},"36":{"start":{"line":56,"column":24},"end":{"line":69,"column":1}},"37":{"start":{"line":57,"column":2},"end":{"line":67,"column":4}},"38":{"start":{"line":58,"column":4},"end":{"line":66,"column":5}},"39":{"start":{"line":59,"column":6},"end":{"line":65,"column":7}},"40":{"start":{"line":60,"column":8},"end":{"line":64,"column":9}},"41":{"start":{"line":61,"column":10},"end":{"line":61,"column":41}},"42":{"start":{"line":63,"column":10},"end":{"line":63,"column":34}},"43":{"start":{"line":68,"column":2},"end":{"line":68,"column":12}},"44":{"start":{"line":70,"column":25},"end":{"line":79,"column":1}},"45":{"start":{"line":71,"column":2},"end":{"line":77,"column":4}},"46":{"start":{"line":72,"column":4},"end":{"line":76,"column":5}},"47":{"start":{"line":73,"column":6},"end":{"line":75,"column":7}},"48":{"start":{"line":74,"column":8},"end":{"line":74,"column":32}},"49":{"start":{"line":78,"column":2},"end":{"line":78,"column":12}},"50":{"start":{"line":81,"column":2},"end":{"line":84,"column":3}},"51":{"start":{"line":83,"column":4},"end":{"line":83,"column":50}},"52":{"start":{"line":85,"column":24},"end":{"line":94,"column":1}},"53":{"start":{"line":86,"column":2},"end":{"line":88,"column":3}},"54":{"start":{"line":87,"column":4},"end":{"line":87,"column":16}},"55":{"start":{"line":89,"column":2},"end":{"line":93,"column":3}},"56":{"start":{"line":90,"column":4},"end":{"line":90,"column":37}},"57":{"start":{"line":92,"column":4},"end":{"line":92,"column":16}},"58":{"start":{"line":95,"column":25},"end":{"line":97,"column":1}},"59":{"start":{"line":96,"column":2},"end":{"line":96,"column":54}},"60":{"start":{"line":98,"column":21},"end":{"line":110,"column":1}},"61":{"start":{"line":99,"column":2},"end":{"line":99,"column":26}},"62":{"start":{"line":99,"column":17},"end":{"line":99,"column":26}},"63":{"start":{"line":100,"column":2},"end":{"line":102,"column":3}},"64":{"start":{"line":101,"column":4},"end":{"line":101,"column":29}},"65":{"start":{"line":103,"column":2},"end":{"line":105,"column":3}},"66":{"start":{"line":104,"column":4},"end":{"line":104,"column":31}},"67":{"start":{"line":106,"column":2},"end":{"line":108,"column":3}},"68":{"start":{"line":107,"column":4},"end":{"line":107,"column":31}},"69":{"start":{"line":109,"column":2},"end":{"line":109,"column":25}},"70":{"start":{"line":111,"column":20},"end":{"line":120,"column":1}},"71":{"start":{"line":112,"column":16},"end":{"line":112,"column":18}},"72":{"start":{"line":113,"column":2},"end":{"line":115,"column":3}},"73":{"start":{"line":114,"column":4},"end":{"line":114,"column":18}},"74":{"start":{"line":116,"column":2},"end":{"line":118,"column":4}},"75":{"start":{"line":117,"column":4},"end":{"line":117,"column":35}},"76":{"start":{"line":119,"column":2},"end":{"line":119,"column":16}},"77":{"start":{"line":121,"column":18},"end":{"line":130,"column":1}},"78":{"start":{"line":122,"column":16},"end":{"line":122,"column":18}},"79":{"start":{"line":123,"column":2},"end":{"line":125,"column":3}},"80":{"start":{"line":124,"column":4},"end":{"line":124,"column":18}},"81":{"start":{"line":126,"column":2},"end":{"line":128,"column":4}},"82":{"start":{"line":127,"column":4},"end":{"line":127,"column":33}},"83":{"start":{"line":129,"column":2},"end":{"line":129,"column":16}},"84":{"start":{"line":131,"column":21},"end":{"line":143,"column":1}},"85":{"start":{"line":132,"column":16},"end":{"line":132,"column":27}},"86":{"start":{"line":133,"column":2},"end":{"line":142,"column":3}},"87":{"start":{"line":134,"column":4},"end":{"line":134,"column":36}},"88":{"start":{"line":136,"column":4},"end":{"line":140,"column":5}},"89":{"start":{"line":136,"column":17},"end":{"line":136,"column":18}},"90":{"start":{"line":137,"column":6},"end":{"line":139,"column":7}},"91":{"start":{"line":138,"column":8},"end":{"line":138,"column":16}},"92":{"start":{"line":141,"column":4},"end":{"line":141,"column":13}},"93":{"start":{"line":144,"column":26},"end":{"line":150,"column":1}},"94":{"start":{"line":145,"column":2},"end":{"line":149,"column":3}},"95":{"start":{"line":146,"column":4},"end":{"line":146,"column":33}},"96":{"start":{"line":148,"column":4},"end":{"line":148,"column":69}},"97":{"start":{"line":151,"column":20},"end":{"line":166,"column":1}},"98":{"start":{"line":152,"column":2},"end":{"line":154,"column":3}},"99":{"start":{"line":153,"column":4},"end":{"line":153,"column":25}},"100":{"start":{"line":155,"column":12},"end":{"line":155,"column":14}},"101":{"start":{"line":156,"column":2},"end":{"line":164,"column":3}},"102":{"start":{"line":156,"column":15},"end":{"line":156,"column":16}},"103":{"start":{"line":157,"column":4},"end":{"line":159,"column":5}},"104":{"start":{"line":158,"column":6},"end":{"line":158,"column":14}},"105":{"start":{"line":160,"column":14},"end":{"line":160,"column":20}},"106":{"start":{"line":161,"column":4},"end":{"line":163,"column":5}},"107":{"start":{"line":162,"column":6},"end":{"line":162,"column":19}},"108":{"start":{"line":165,"column":2},"end":{"line":165,"column":12}},"109":{"start":{"line":167,"column":17},"end":{"line":180,"column":1}},"110":{"start":{"line":168,"column":2},"end":{"line":170,"column":3}},"111":{"start":{"line":169,"column":4},"end":{"line":169,"column":22}},"112":{"start":{"line":171,"column":12},"end":{"line":171,"column":14}},"113":{"start":{"line":172,"column":2},"end":{"line":178,"column":3}},"114":{"start":{"line":172,"column":15},"end":{"line":172,"column":16}},"115":{"start":{"line":173,"column":4},"end":{"line":175,"column":5}},"116":{"start":{"line":174,"column":6},"end":{"line":174,"column":14}},"117":{"start":{"line":176,"column":14},"end":{"line":176,"column":20}},"118":{"start":{"line":177,"column":4},"end":{"line":177,"column":40}},"119":{"start":{"line":179,"column":2},"end":{"line":179,"column":12}},"120":{"start":{"line":181,"column":18},"end":{"line":197,"column":1}},"121":{"start":{"line":182,"column":2},"end":{"line":184,"column":3}},"122":{"start":{"line":183,"column":4},"end":{"line":183,"column":23}},"123":{"start":{"line":185,"column":13},"end":{"line":185,"column":18}},"124":{"start":{"line":186,"column":2},"end":{"line":195,"column":3}},"125":{"start":{"line":186,"column":15},"end":{"line":186,"column":16}},"126":{"start":{"line":187,"column":4},"end":{"line":189,"column":5}},"127":{"start":{"line":188,"column":6},"end":{"line":188,"column":14}},"128":{"start":{"line":190,"column":14},"end":{"line":190,"column":20}},"129":{"start":{"line":191,"column":4},"end":{"line":194,"column":5}},"130":{"start":{"line":192,"column":6},"end":{"line":192,"column":17}},"131":{"start":{"line":193,"column":6},"end":{"line":193,"column":11}},"132":{"start":{"line":196,"column":2},"end":{"line":196,"column":13}},"133":{"start":{"line":198,"column":19},"end":{"line":214,"column":1}},"134":{"start":{"line":199,"column":2},"end":{"line":201,"column":3}},"135":{"start":{"line":200,"column":4},"end":{"line":200,"column":24}},"136":{"start":{"line":202,"column":13},"end":{"line":202,"column":17}},"137":{"start":{"line":203,"column":2},"end":{"line":212,"column":3}},"138":{"start":{"line":203,"column":15},"end":{"line":203,"column":16}},"139":{"start":{"line":204,"column":4},"end":{"line":206,"column":5}},"140":{"start":{"line":205,"column":6},"end":{"line":205,"column":14}},"141":{"start":{"line":207,"column":14},"end":{"line":207,"column":20}},"142":{"start":{"line":208,"column":4},"end":{"line":211,"column":5}},"143":{"start":{"line":209,"column":6},"end":{"line":209,"column":18}},"144":{"start":{"line":210,"column":6},"end":{"line":210,"column":11}},"145":{"start":{"line":213,"column":2},"end":{"line":213,"column":13}},"146":{"start":{"line":215,"column":23},"end":{"line":233,"column":1}},"147":{"start":{"line":216,"column":2},"end":{"line":218,"column":3}},"148":{"start":{"line":217,"column":4},"end":{"line":217,"column":25}},"149":{"start":{"line":219,"column":2},"end":{"line":232,"column":4}},"150":{"start":{"line":220,"column":4},"end":{"line":230,"column":5}},"151":{"start":{"line":221,"column":6},"end":{"line":227,"column":7}},"152":{"start":{"line":222,"column":8},"end":{"line":222,"column":26}},"153":{"start":{"line":223,"column":13},"end":{"line":227,"column":7}},"154":{"start":{"line":224,"column":8},"end":{"line":224,"column":31}},"155":{"start":{"line":225,"column":13},"end":{"line":227,"column":7}},"156":{"start":{"line":226,"column":8},"end":{"line":226,"column":71}},"157":{"start":{"line":229,"column":6},"end":{"line":229,"column":22}},"158":{"start":{"line":231,"column":4},"end":{"line":231,"column":16}},"159":{"start":{"line":235,"column":23},"end":{"line":262,"column":1}},"160":{"start":{"line":236,"column":2},"end":{"line":236,"column":16}},"161":{"start":{"line":237,"column":2},"end":{"line":239,"column":3}},"162":{"start":{"line":238,"column":4},"end":{"line":238,"column":33}},"163":{"start":{"line":242,"column":2},"end":{"line":261,"column":3}},"164":{"start":{"line":245,"column":6},"end":{"line":257,"column":7}},"165":{"start":{"line":247,"column":8},"end":{"line":249,"column":9}},"166":{"start":{"line":248,"column":10},"end":{"line":248,"column":25}},"167":{"start":{"line":251,"column":8},"end":{"line":256,"column":9}},"168":{"start":{"line":259,"column":6},"end":{"line":259,"column":22}},"169":{"start":{"line":263,"column":21},"end":{"line":270,"column":1}},"170":{"start":{"line":264,"column":10},"end":{"line":264,"column":24}},"171":{"start":{"line":265,"column":2},"end":{"line":265,"column":36}},"172":{"start":{"line":266,"column":2},"end":{"line":266,"column":30}},"173":{"start":{"line":267,"column":2},"end":{"line":267,"column":43}},"174":{"start":{"line":268,"column":2},"end":{"line":268,"column":44}},"175":{"start":{"line":269,"column":2},"end":{"line":269,"column":17}},"176":{"start":{"line":271,"column":18},"end":{"line":273,"column":1}},"177":{"start":{"line":272,"column":2},"end":{"line":272,"column":62}},"178":{"start":{"line":274,"column":22},"end":{"line":277,"column":1}},"179":{"start":{"line":275,"column":2},"end":{"line":275,"column":32}},"180":{"start":{"line":275,"column":20},"end":{"line":275,"column":32}},"181":{"start":{"line":276,"column":2},"end":{"line":276,"column":49}},"182":{"start":{"line":279,"column":27},"end":{"line":290,"column":1}},"183":{"start":{"line":280,"column":2},"end":{"line":289,"column":3}},"184":{"start":{"line":281,"column":4},"end":{"line":285,"column":5}},"185":{"start":{"line":282,"column":6},"end":{"line":284,"column":7}},"186":{"start":{"line":283,"column":8},"end":{"line":283,"column":20}},"187":{"start":{"line":286,"column":4},"end":{"line":286,"column":15}},"188":{"start":{"line":288,"column":4},"end":{"line":288,"column":16}},"189":{"start":{"line":291,"column":27},"end":{"line":297,"column":1}},"190":{"start":{"line":292,"column":12},"end":{"line":292,"column":14}},"191":{"start":{"line":293,"column":2},"end":{"line":295,"column":4}},"192":{"start":{"line":294,"column":4},"end":{"line":294,"column":26}},"193":{"start":{"line":296,"column":2},"end":{"line":296,"column":12}},"194":{"start":{"line":298,"column":25},"end":{"line":300,"column":1}},"195":{"start":{"line":299,"column":2},"end":{"line":299,"column":23}},"196":{"start":{"line":301,"column":22},"end":{"line":303,"column":1}},"197":{"start":{"line":302,"column":2},"end":{"line":302,"column":49}},"198":{"start":{"line":304,"column":20},"end":{"line":306,"column":1}},"199":{"start":{"line":305,"column":2},"end":{"line":305,"column":47}},"200":{"start":{"line":307,"column":23},"end":{"line":309,"column":1}},"201":{"start":{"line":308,"column":2},"end":{"line":308,"column":50}},"202":{"start":{"line":310,"column":22},"end":{"line":312,"column":1}},"203":{"start":{"line":311,"column":2},"end":{"line":311,"column":80}},"204":{"start":{"line":313,"column":23},"end":{"line":315,"column":1}},"205":{"start":{"line":314,"column":2},"end":{"line":314,"column":38}},"206":{"start":{"line":316,"column":26},"end":{"line":323,"column":1}},"207":{"start":{"line":317,"column":2},"end":{"line":321,"column":3}},"208":{"start":{"line":318,"column":4},"end":{"line":318,"column":19}},"209":{"start":{"line":320,"column":4},"end":{"line":320,"column":16}},"210":{"start":{"line":322,"column":2},"end":{"line":322,"column":13}},"211":{"start":{"line":324,"column":27},"end":{"line":332,"column":1}},"212":{"start":{"line":325,"column":12},"end":{"line":325,"column":16}},"213":{"start":{"line":326,"column":2},"end":{"line":330,"column":3}},"214":{"start":{"line":327,"column":4},"end":{"line":327,"column":25}},"215":{"start":{"line":329,"column":4},"end":{"line":329,"column":16}},"216":{"start":{"line":331,"column":2},"end":{"line":331,"column":12}},"217":{"start":{"line":333,"column":32},"end":{"line":341,"column":1}},"218":{"start":{"line":334,"column":15},"end":{"line":334,"column":18}},"219":{"start":{"line":335,"column":2},"end":{"line":339,"column":3}},"220":{"start":{"line":336,"column":4},"end":{"line":336,"column":36}},"221":{"start":{"line":338,"column":4},"end":{"line":338,"column":16}},"222":{"start":{"line":340,"column":2},"end":{"line":340,"column":15}},"223":{"start":{"line":342,"column":25},"end":{"line":351,"column":1}},"224":{"start":{"line":343,"column":2},"end":{"line":349,"column":4}},"225":{"start":{"line":344,"column":4},"end":{"line":348,"column":5}},"226":{"start":{"line":345,"column":6},"end":{"line":345,"column":28}},"227":{"start":{"line":346,"column":11},"end":{"line":348,"column":5}},"228":{"start":{"line":347,"column":6},"end":{"line":347,"column":29}},"229":{"start":{"line":350,"column":2},"end":{"line":350,"column":12}},"230":{"start":{"line":352,"column":35},"end":{"line":357,"column":1}},"231":{"start":{"line":353,"column":2},"end":{"line":356,"column":3}},"232":{"start":{"line":358,"column":34},"end":{"line":376,"column":1}},"233":{"start":{"line":360,"column":4},"end":{"line":362,"column":35}},"234":{"start":{"line":363,"column":26},"end":{"line":363,"column":32}},"235":{"start":{"line":364,"column":2},"end":{"line":374,"column":3}},"236":{"start":{"line":365,"column":4},"end":{"line":366,"column":79}},"237":{"start":{"line":367,"column":9},"end":{"line":374,"column":3}},"238":{"start":{"line":368,"column":25},"end":{"line":368,"column":65}},"239":{"start":{"line":369,"column":4},"end":{"line":373,"column":5}},"240":{"start":{"line":370,"column":6},"end":{"line":370,"column":37}},"241":{"start":{"line":371,"column":11},"end":{"line":373,"column":5}},"242":{"start":{"line":372,"column":6},"end":{"line":372,"column":36}},"243":{"start":{"line":375,"column":2},"end":{"line":375,"column":26}},"244":{"start":{"line":378,"column":2},"end":{"line":381,"column":3}},"245":{"start":{"line":380,"column":4},"end":{"line":380,"column":31}},"246":{"start":{"line":383,"column":22},"end":{"line":419,"column":1}},"247":{"start":{"line":385,"column":4},"end":{"line":385,"column":69}},"248":{"start":{"line":387,"column":4},"end":{"line":387,"column":71}},"249":{"start":{"line":388,"column":21},"end":{"line":388,"column":26}},"250":{"start":{"line":391,"column":16},"end":{"line":391,"column":20}},"251":{"start":{"line":392,"column":2},"end":{"line":418,"column":3}},"252":{"start":{"line":394,"column":6},"end":{"line":397,"column":7}},"253":{"start":{"line":395,"column":8},"end":{"line":395,"column":50}},"254":{"start":{"line":396,"column":8},"end":{"line":396,"column":14}},"255":{"start":{"line":399,"column":6},"end":{"line":403,"column":7}},"256":{"start":{"line":400,"column":8},"end":{"line":400,"column":36}},"257":{"start":{"line":402,"column":8},"end":{"line":402,"column":50}},"258":{"start":{"line":404,"column":6},"end":{"line":404,"column":25}},"259":{"start":{"line":405,"column":6},"end":{"line":411,"column":14}},"260":{"start":{"line":406,"column":8},"end":{"line":408,"column":9}},"261":{"start":{"line":407,"column":10},"end":{"line":407,"column":59}},"262":{"start":{"line":409,"column":8},"end":{"line":409,"column":28}},"263":{"start":{"line":410,"column":8},"end":{"line":410,"column":50}},"264":{"start":{"line":414,"column":6},"end":{"line":414,"column":36}},"265":{"start":{"line":415,"column":6},"end":{"line":415,"column":26}},"266":{"start":{"line":416,"column":6},"end":{"line":416,"column":48}},"267":{"start":{"line":420,"column":22},"end":{"line":435,"column":1}},"268":{"start":{"line":421,"column":2},"end":{"line":423,"column":3}},"269":{"start":{"line":422,"column":4},"end":{"line":422,"column":12}},"270":{"start":{"line":424,"column":13},"end":{"line":424,"column":14}},"271":{"start":{"line":425,"column":13},"end":{"line":425,"column":17}},"272":{"start":{"line":426,"column":2},"end":{"line":428,"column":3}},"273":{"start":{"line":427,"column":4},"end":{"line":427,"column":15}},"274":{"start":{"line":429,"column":2},"end":{"line":433,"column":3}},"275":{"start":{"line":429,"column":15},"end":{"line":429,"column":16}},"276":{"start":{"line":430,"column":4},"end":{"line":430,"column":28}},"277":{"start":{"line":431,"column":4},"end":{"line":431,"column":36}},"278":{"start":{"line":432,"column":4},"end":{"line":432,"column":22}},"279":{"start":{"line":434,"column":2},"end":{"line":434,"column":13}},"280":{"start":{"line":436,"column":24},"end":{"line":456,"column":1}},"281":{"start":{"line":438,"column":4},"end":{"line":438,"column":31}},"282":{"start":{"line":441,"column":2},"end":{"line":455,"column":3}},"283":{"start":{"line":457,"column":27},"end":{"line":469,"column":1}},"284":{"start":{"line":458,"column":2},"end":{"line":468,"column":3}},"285":{"start":{"line":459,"column":4},"end":{"line":467,"column":6}},"286":{"start":{"line":460,"column":6},"end":{"line":466,"column":7}},"287":{"start":{"line":461,"column":8},"end":{"line":461,"column":27}},"288":{"start":{"line":463,"column":8},"end":{"line":465,"column":9}},"289":{"start":{"line":464,"column":10},"end":{"line":464,"column":30}},"290":{"start":{"line":470,"column":30},"end":{"line":476,"column":1}},"291":{"start":{"line":471,"column":2},"end":{"line":475,"column":3}},"292":{"start":{"line":472,"column":4},"end":{"line":472,"column":42}},"293":{"start":{"line":474,"column":4},"end":{"line":474,"column":30}},"294":{"start":{"line":485,"column":29},"end":{"line":497,"column":1}},"295":{"start":{"line":486,"column":2},"end":{"line":496,"column":3}},"296":{"start":{"line":487,"column":4},"end":{"line":495,"column":6}},"297":{"start":{"line":488,"column":6},"end":{"line":494,"column":7}},"298":{"start":{"line":489,"column":8},"end":{"line":489,"column":29}},"299":{"start":{"line":491,"column":8},"end":{"line":493,"column":9}},"300":{"start":{"line":492,"column":10},"end":{"line":492,"column":32}},"301":{"start":{"line":498,"column":20},"end":{"line":510,"column":1}},"302":{"start":{"line":500,"column":8},"end":{"line":500,"column":10}},"303":{"start":{"line":501,"column":8},"end":{"line":501,"column":10}},"304":{"start":{"line":502,"column":2},"end":{"line":508,"column":3}},"305":{"start":{"line":502,"column":15},"end":{"line":502,"column":16}},"306":{"start":{"line":503,"column":4},"end":{"line":503,"column":16}},"307":{"start":{"line":504,"column":4},"end":{"line":507,"column":5}},"308":{"start":{"line":505,"column":6},"end":{"line":505,"column":20}},"309":{"start":{"line":506,"column":6},"end":{"line":506,"column":18}},"310":{"start":{"line":509,"column":2},"end":{"line":509,"column":10}},"311":{"start":{"line":511,"column":36},"end":{"line":519,"column":1}},"312":{"start":{"line":512,"column":12},"end":{"line":512,"column":14}},"313":{"start":{"line":513,"column":2},"end":{"line":517,"column":4}},"314":{"start":{"line":514,"column":4},"end":{"line":516,"column":5}},"315":{"start":{"line":515,"column":6},"end":{"line":515,"column":16}},"316":{"start":{"line":518,"column":2},"end":{"line":518,"column":12}},"317":{"start":{"line":520,"column":24},"end":{"line":561,"column":1}},"318":{"start":{"line":521,"column":2},"end":{"line":521,"column":68}},"319":{"start":{"line":523,"column":16},"end":{"line":523,"column":18}},"320":{"start":{"line":526,"column":16},"end":{"line":526,"column":17}},"321":{"start":{"line":529,"column":2},"end":{"line":529,"column":17}},"322":{"start":{"line":530,"column":2},"end":{"line":530,"column":25}},"323":{"start":{"line":532,"column":2},"end":{"line":554,"column":3}},"324":{"start":{"line":533,"column":13},"end":{"line":533,"column":33}},"325":{"start":{"line":534,"column":14},"end":{"line":534,"column":18}},"326":{"start":{"line":536,"column":4},"end":{"line":546,"column":5}},"327":{"start":{"line":537,"column":6},"end":{"line":537,"column":11}},"328":{"start":{"line":538,"column":11},"end":{"line":546,"column":5}},"329":{"start":{"line":539,"column":6},"end":{"line":539,"column":65}},"330":{"start":{"line":541,"column":6},"end":{"line":545,"column":7}},"331":{"start":{"line":547,"column":4},"end":{"line":553,"column":5}},"332":{"start":{"line":548,"column":6},"end":{"line":550,"column":7}},"333":{"start":{"line":549,"column":8},"end":{"line":549,"column":47}},"334":{"start":{"line":551,"column":6},"end":{"line":551,"column":20}},"335":{"start":{"line":552,"column":6},"end":{"line":552,"column":25}},"336":{"start":{"line":556,"column":2},"end":{"line":558,"column":3}},"337":{"start":{"line":557,"column":4},"end":{"line":557,"column":53}},"338":{"start":{"line":560,"column":2},"end":{"line":560,"column":16}},"339":{"start":{"line":562,"column":26},"end":{"line":615,"column":1}},"340":{"start":{"line":563,"column":2},"end":{"line":569,"column":3}},"341":{"start":{"line":564,"column":4},"end":{"line":568,"column":5}},"342":{"start":{"line":566,"column":8},"end":{"line":566,"column":45}},"343":{"start":{"line":570,"column":2},"end":{"line":570,"column":21}},"344":{"start":{"line":571,"column":12},"end":{"line":571,"column":79}},"345":{"start":{"line":580,"column":8},"end":{"line":580,"column":9}},"346":{"start":{"line":581,"column":9},"end":{"line":581,"column":10}},"347":{"start":{"line":582,"column":10},"end":{"line":582,"column":12}},"348":{"start":{"line":583,"column":14},"end":{"line":583,"column":16}},"349":{"start":{"line":584,"column":2},"end":{"line":586,"column":3}},"350":{"start":{"line":585,"column":4},"end":{"line":585,"column":15}},"351":{"start":{"line":587,"column":2},"end":{"line":587,"column":25}},"352":{"start":{"line":588,"column":2},"end":{"line":601,"column":27}},"353":{"start":{"line":589,"column":4},"end":{"line":589,"column":29}},"354":{"start":{"line":590,"column":4},"end":{"line":590,"column":29}},"355":{"start":{"line":591,"column":4},"end":{"line":591,"column":29}},"356":{"start":{"line":593,"column":4},"end":{"line":593,"column":38}},"357":{"start":{"line":595,"column":4},"end":{"line":595,"column":28}},"358":{"start":{"line":596,"column":4},"end":{"line":596,"column":28}},"359":{"start":{"line":597,"column":4},"end":{"line":597,"column":27}},"360":{"start":{"line":598,"column":4},"end":{"line":598,"column":20}},"361":{"start":{"line":599,"column":4},"end":{"line":600,"column":71}},"362":{"start":{"line":603,"column":2},"end":{"line":603,"column":24}},"363":{"start":{"line":605,"column":2},"end":{"line":612,"column":3}},"364":{"start":{"line":607,"column":6},"end":{"line":607,"column":35}},"365":{"start":{"line":608,"column":6},"end":{"line":608,"column":11}},"366":{"start":{"line":610,"column":6},"end":{"line":610,"column":34}},"367":{"start":{"line":611,"column":6},"end":{"line":611,"column":11}},"368":{"start":{"line":614,"column":2},"end":{"line":614,"column":12}},"369":{"start":{"line":621,"column":2},"end":{"line":627,"column":67}},"370":{"start":{"line":632,"column":18},"end":{"line":632,"column":20}},"371":{"start":{"line":633,"column":2},"end":{"line":635,"column":3}},"372":{"start":{"line":634,"column":4},"end":{"line":634,"column":79}},"373":{"start":{"line":636,"column":2},"end":{"line":636,"column":25}},"374":{"start":{"line":638,"column":27},"end":{"line":652,"column":1}},"375":{"start":{"line":639,"column":2},"end":{"line":639,"column":61}},"376":{"start":{"line":640,"column":2},"end":{"line":640,"column":31}},"377":{"start":{"line":641,"column":15},"end":{"line":641,"column":45}},"378":{"start":{"line":642,"column":12},"end":{"line":642,"column":30}},"379":{"start":{"line":643,"column":14},"end":{"line":643,"column":29}},"380":{"start":{"line":644,"column":2},"end":{"line":651,"column":3}},"381":{"start":{"line":648,"column":4},"end":{"line":648,"column":13}},"382":{"start":{"line":650,"column":4},"end":{"line":650,"column":41}},"383":{"start":{"line":653,"column":22},"end":{"line":739,"column":1}},"384":{"start":{"line":654,"column":18},"end":{"line":674,"column":3}},"385":{"start":{"line":655,"column":4},"end":{"line":665,"column":5}},"386":{"start":{"line":666,"column":4},"end":{"line":666,"column":21}},"387":{"start":{"line":667,"column":4},"end":{"line":667,"column":22}},"388":{"start":{"line":668,"column":4},"end":{"line":669,"column":89}},"389":{"start":{"line":671,"column":4},"end":{"line":673,"column":5}},"390":{"start":{"line":672,"column":6},"end":{"line":672,"column":20}},"391":{"start":{"line":675,"column":2},"end":{"line":677,"column":3}},"392":{"start":{"line":676,"column":4},"end":{"line":676,"column":18}},"393":{"start":{"line":678,"column":2},"end":{"line":682,"column":3}},"394":{"start":{"line":679,"column":4},"end":{"line":681,"column":5}},"395":{"start":{"line":680,"column":6},"end":{"line":680,"column":26}},"396":{"start":{"line":683,"column":2},"end":{"line":704,"column":3}},"397":{"start":{"line":684,"column":4},"end":{"line":686,"column":5}},"398":{"start":{"line":685,"column":6},"end":{"line":685,"column":18}},"399":{"start":{"line":687,"column":16},"end":{"line":687,"column":46}},"400":{"start":{"line":688,"column":4},"end":{"line":702,"column":5}},"401":{"start":{"line":689,"column":6},"end":{"line":701,"column":7}},"402":{"start":{"line":690,"column":8},"end":{"line":690,"column":77}},"403":{"start":{"line":692,"column":8},"end":{"line":700,"column":9}},"404":{"start":{"line":693,"column":10},"end":{"line":693,"column":47}},"405":{"start":{"line":695,"column":10},"end":{"line":699,"column":11}},"406":{"start":{"line":696,"column":12},"end":{"line":696,"column":41}},"407":{"start":{"line":698,"column":12},"end":{"line":698,"column":55}},"408":{"start":{"line":703,"column":4},"end":{"line":703,"column":36}},"409":{"start":{"line":705,"column":2},"end":{"line":707,"column":3}},"410":{"start":{"line":706,"column":4},"end":{"line":706,"column":23}},"411":{"start":{"line":708,"column":2},"end":{"line":715,"column":3}},"412":{"start":{"line":709,"column":14},"end":{"line":709,"column":16}},"413":{"start":{"line":710,"column":4},"end":{"line":710,"column":30}},"414":{"start":{"line":712,"column":4},"end":{"line":712,"column":28}},"415":{"start":{"line":713,"column":4},"end":{"line":713,"column":73}},"416":{"start":{"line":714,"column":4},"end":{"line":714,"column":14}},"417":{"start":{"line":716,"column":2},"end":{"line":737,"column":3}},"418":{"start":{"line":717,"column":4},"end":{"line":717,"column":22}},"419":{"start":{"line":718,"column":12},"end":{"line":718,"column":31}},"420":{"start":{"line":719,"column":4},"end":{"line":721,"column":5}},"421":{"start":{"line":720,"column":6},"end":{"line":720,"column":48}},"422":{"start":{"line":722,"column":4},"end":{"line":726,"column":5}},"423":{"start":{"line":723,"column":6},"end":{"line":725,"column":7}},"424":{"start":{"line":724,"column":8},"end":{"line":724,"column":44}},"425":{"start":{"line":727,"column":4},"end":{"line":727,"column":54}},"426":{"start":{"line":728,"column":4},"end":{"line":728,"column":72}},"427":{"start":{"line":729,"column":4},"end":{"line":733,"column":56}},"428":{"start":{"line":738,"column":2},"end":{"line":738,"column":28}},"429":{"start":{"line":741,"column":2},"end":{"line":743,"column":3}},"430":{"start":{"line":742,"column":4},"end":{"line":742,"column":36}},"431":{"start":{"line":745,"column":2},"end":{"line":747,"column":3}},"432":{"start":{"line":746,"column":4},"end":{"line":746,"column":46}},"433":{"start":{"line":748,"column":2},"end":{"line":748,"column":14}},"434":{"start":{"line":751,"column":20},"end":{"line":799,"column":1}},"435":{"start":{"line":753,"column":17},"end":{"line":753,"column":27}},"436":{"start":{"line":754,"column":13},"end":{"line":754,"column":39}},"437":{"start":{"line":755,"column":4},"end":{"line":763,"column":5}},"438":{"start":{"line":755,"column":17},"end":{"line":755,"column":18}},"439":{"start":{"line":756,"column":14},"end":{"line":756,"column":19}},"440":{"start":{"line":757,"column":6},"end":{"line":759,"column":7}},"441":{"start":{"line":758,"column":8},"end":{"line":758,"column":36}},"442":{"start":{"line":760,"column":6},"end":{"line":762,"column":7}},"443":{"start":{"line":761,"column":8},"end":{"line":761,"column":71}},"444":{"start":{"line":764,"column":4},"end":{"line":764,"column":15}},"445":{"start":{"line":767,"column":18},"end":{"line":767,"column":20}},"446":{"start":{"line":768,"column":16},"end":{"line":768,"column":18}},"447":{"start":{"line":769,"column":15},"end":{"line":769,"column":17}},"448":{"start":{"line":770,"column":4},"end":{"line":770,"column":38}},"449":{"start":{"line":771,"column":4},"end":{"line":780,"column":5}},"450":{"start":{"line":772,"column":17},"end":{"line":772,"column":27}},"451":{"start":{"line":773,"column":6},"end":{"line":777,"column":7}},"452":{"start":{"line":774,"column":8},"end":{"line":774,"column":79}},"453":{"start":{"line":776,"column":8},"end":{"line":776,"column":65}},"454":{"start":{"line":779,"column":6},"end":{"line":779,"column":49}},"455":{"start":{"line":782,"column":4},"end":{"line":784,"column":5}},"456":{"start":{"line":783,"column":6},"end":{"line":783,"column":25}},"457":{"start":{"line":786,"column":4},"end":{"line":793,"column":12}},"458":{"start":{"line":797,"column":4},"end":{"line":797,"column":28}},"459":{"start":{"line":800,"column":26},"end":{"line":838,"column":1}},"460":{"start":{"line":802,"column":4},"end":{"line":802,"column":44}},"461":{"start":{"line":807,"column":4},"end":{"line":811,"column":5}},"462":{"start":{"line":808,"column":6},"end":{"line":808,"column":62}},"463":{"start":{"line":810,"column":6},"end":{"line":810,"column":17}},"464":{"start":{"line":812,"column":4},"end":{"line":812,"column":22}},"465":{"start":{"line":816,"column":4},"end":{"line":816,"column":44}},"466":{"start":{"line":820,"column":4},"end":{"line":820,"column":40}},"467":{"start":{"line":824,"column":20},"end":{"line":824,"column":24}},"468":{"start":{"line":825,"column":4},"end":{"line":835,"column":5}},"469":{"start":{"line":826,"column":16},"end":{"line":826,"column":40}},"470":{"start":{"line":827,"column":16},"end":{"line":827,"column":38}},"471":{"start":{"line":828,"column":6},"end":{"line":828,"column":32}},"472":{"start":{"line":829,"column":6},"end":{"line":831,"column":7}},"473":{"start":{"line":830,"column":8},"end":{"line":830,"column":25}},"474":{"start":{"line":832,"column":6},"end":{"line":832,"column":30}},"475":{"start":{"line":834,"column":6},"end":{"line":834,"column":23}},"476":{"start":{"line":836,"column":4},"end":{"line":836,"column":20}},"477":{"start":{"line":839,"column":28},"end":{"line":858,"column":1}},"478":{"start":{"line":841,"column":20},"end":{"line":841,"column":24}},"479":{"start":{"line":843,"column":14},"end":{"line":843,"column":38}},"480":{"start":{"line":844,"column":14},"end":{"line":844,"column":36}},"481":{"start":{"line":845,"column":4},"end":{"line":855,"column":5}},"482":{"start":{"line":846,"column":6},"end":{"line":852,"column":7}},"483":{"start":{"line":847,"column":8},"end":{"line":847,"column":40}},"484":{"start":{"line":848,"column":8},"end":{"line":848,"column":43}},"485":{"start":{"line":849,"column":8},"end":{"line":849,"column":24}},"486":{"start":{"line":851,"column":8},"end":{"line":851,"column":25}},"487":{"start":{"line":854,"column":6},"end":{"line":854,"column":23}},"488":{"start":{"line":856,"column":4},"end":{"line":856,"column":20}},"489":{"start":{"line":859,"column":27},"end":{"line":870,"column":1}},"490":{"start":{"line":860,"column":2},"end":{"line":862,"column":3}},"491":{"start":{"line":861,"column":4},"end":{"line":861,"column":16}},"492":{"start":{"line":863,"column":2},"end":{"line":869,"column":3}},"493":{"start":{"line":864,"column":4},"end":{"line":864,"column":15}},"494":{"start":{"line":865,"column":9},"end":{"line":869,"column":3}},"495":{"start":{"line":866,"column":4},"end":{"line":866,"column":15}},"496":{"start":{"line":868,"column":4},"end":{"line":868,"column":16}},"497":{"start":{"line":871,"column":17},"end":{"line":899,"column":1}},"498":{"start":{"line":872,"column":2},"end":{"line":898,"column":3}},"499":{"start":{"line":873,"column":4},"end":{"line":882,"column":5}},"500":{"start":{"line":877,"column":6},"end":{"line":877,"column":33}},"501":{"start":{"line":878,"column":11},"end":{"line":882,"column":5}},"502":{"start":{"line":879,"column":6},"end":{"line":879,"column":33}},"503":{"start":{"line":881,"column":6},"end":{"line":881,"column":17}},"504":{"start":{"line":884,"column":4},"end":{"line":886,"column":5}},"505":{"start":{"line":885,"column":6},"end":{"line":885,"column":33}},"506":{"start":{"line":887,"column":4},"end":{"line":897,"column":5}},"507":{"start":{"line":888,"column":6},"end":{"line":896,"column":7}},"508":{"start":{"line":889,"column":8},"end":{"line":889,"column":50}},"509":{"start":{"line":891,"column":8},"end":{"line":895,"column":9}},"510":{"start":{"line":892,"column":10},"end":{"line":892,"column":55}},"511":{"start":{"line":894,"column":10},"end":{"line":894,"column":24}},"512":{"start":{"line":900,"column":18},"end":{"line":992,"column":1}},"513":{"start":{"line":901,"column":2},"end":{"line":901,"column":38}},"514":{"start":{"line":903,"column":2},"end":{"line":904,"column":69}},"515":{"start":{"line":907,"column":4},"end":{"line":909,"column":5}},"516":{"start":{"line":908,"column":6},"end":{"line":908,"column":15}},"517":{"start":{"line":910,"column":4},"end":{"line":914,"column":5}},"518":{"start":{"line":911,"column":6},"end":{"line":911,"column":29}},"519":{"start":{"line":913,"column":6},"end":{"line":913,"column":15}},"520":{"start":{"line":917,"column":10},"end":{"line":917,"column":24}},"521":{"start":{"line":919,"column":2},"end":{"line":921,"column":3}},"522":{"start":{"line":920,"column":4},"end":{"line":920,"column":16}},"523":{"start":{"line":923,"column":2},"end":{"line":925,"column":3}},"524":{"start":{"line":924,"column":4},"end":{"line":924,"column":42}},"525":{"start":{"line":926,"column":2},"end":{"line":932,"column":3}},"526":{"start":{"line":934,"column":2},"end":{"line":948,"column":3}},"527":{"start":{"line":935,"column":4},"end":{"line":941,"column":5}},"528":{"start":{"line":936,"column":6},"end":{"line":936,"column":30}},"529":{"start":{"line":938,"column":6},"end":{"line":940,"column":28}},"530":{"start":{"line":939,"column":8},"end":{"line":939,"column":17}},"531":{"start":{"line":943,"column":4},"end":{"line":947,"column":19}},"532":{"start":{"line":944,"column":6},"end":{"line":946,"column":28}},"533":{"start":{"line":945,"column":8},"end":{"line":945,"column":17}},"534":{"start":{"line":950,"column":2},"end":{"line":965,"column":3}},"535":{"start":{"line":951,"column":4},"end":{"line":964,"column":5}},"536":{"start":{"line":952,"column":6},"end":{"line":960,"column":7}},"537":{"start":{"line":953,"column":8},"end":{"line":957,"column":9}},"538":{"start":{"line":954,"column":10},"end":{"line":954,"column":47}},"539":{"start":{"line":956,"column":10},"end":{"line":956,"column":55}},"540":{"start":{"line":958,"column":8},"end":{"line":958,"column":35}},"541":{"start":{"line":959,"column":8},"end":{"line":959,"column":23}},"542":{"start":{"line":962,"column":6},"end":{"line":962,"column":33}},"543":{"start":{"line":963,"column":6},"end":{"line":963,"column":21}},"544":{"start":{"line":967,"column":2},"end":{"line":967,"column":35}},"545":{"start":{"line":969,"column":2},"end":{"line":989,"column":16}},"546":{"start":{"line":970,"column":4},"end":{"line":972,"column":5}},"547":{"start":{"line":971,"column":6},"end":{"line":971,"column":30}},"548":{"start":{"line":973,"column":4},"end":{"line":977,"column":5}},"549":{"start":{"line":974,"column":6},"end":{"line":976,"column":7}},"550":{"start":{"line":975,"column":8},"end":{"line":975,"column":45}},"551":{"start":{"line":979,"column":4},"end":{"line":988,"column":5}},"552":{"start":{"line":980,"column":6},"end":{"line":982,"column":7}},"553":{"start":{"line":981,"column":8},"end":{"line":981,"column":64}},"554":{"start":{"line":983,"column":6},"end":{"line":987,"column":7}},"555":{"start":{"line":984,"column":8},"end":{"line":984,"column":77}},"556":{"start":{"line":986,"column":8},"end":{"line":986,"column":79}},"557":{"start":{"line":991,"column":2},"end":{"line":991,"column":27}},"558":{"start":{"line":993,"column":24},"end":{"line":1033,"column":1}},"559":{"start":{"line":994,"column":2},"end":{"line":1003,"column":3}},"560":{"start":{"line":999,"column":8},"end":{"line":999,"column":63}},"561":{"start":{"line":1005,"column":10},"end":{"line":1005,"column":14}},"562":{"start":{"line":1006,"column":2},"end":{"line":1010,"column":3}},"563":{"start":{"line":1007,"column":4},"end":{"line":1007,"column":38}},"564":{"start":{"line":1008,"column":4},"end":{"line":1008,"column":24}},"565":{"start":{"line":1009,"column":4},"end":{"line":1009,"column":21}},"566":{"start":{"line":1011,"column":2},"end":{"line":1017,"column":3}},"567":{"start":{"line":1012,"column":4},"end":{"line":1012,"column":40}},"568":{"start":{"line":1013,"column":4},"end":{"line":1013,"column":21}},"569":{"start":{"line":1014,"column":4},"end":{"line":1014,"column":38}},"570":{"start":{"line":1015,"column":4},"end":{"line":1015,"column":20}},"571":{"start":{"line":1016,"column":4},"end":{"line":1016,"column":30}},"572":{"start":{"line":1018,"column":2},"end":{"line":1027,"column":3}},"573":{"start":{"line":1019,"column":4},"end":{"line":1026,"column":5}},"574":{"start":{"line":1024,"column":6},"end":{"line":1024,"column":20}},"575":{"start":{"line":1025,"column":6},"end":{"line":1025,"column":44}},"576":{"start":{"line":1028,"column":2},"end":{"line":1031,"column":3}},"577":{"start":{"line":1029,"column":4},"end":{"line":1029,"column":16}},"578":{"start":{"line":1030,"column":4},"end":{"line":1030,"column":20}},"579":{"start":{"line":1032,"column":2},"end":{"line":1032,"column":20}},"580":{"start":{"line":1034,"column":25},"end":{"line":1043,"column":1}},"581":{"start":{"line":1035,"column":2},"end":{"line":1037,"column":3}},"582":{"start":{"line":1036,"column":4},"end":{"line":1036,"column":33}},"583":{"start":{"line":1038,"column":17},"end":{"line":1038,"column":21}},"584":{"start":{"line":1039,"column":2},"end":{"line":1041,"column":16}},"585":{"start":{"line":1040,"column":4},"end":{"line":1040,"column":32}},"586":{"start":{"line":1042,"column":2},"end":{"line":1042,"column":33}},"587":{"start":{"line":1044,"column":35},"end":{"line":1052,"column":1}},"588":{"start":{"line":1045,"column":15},"end":{"line":1045,"column":17}},"589":{"start":{"line":1046,"column":12},"end":{"line":1046,"column":26}},"590":{"start":{"line":1047,"column":20},"end":{"line":1047,"column":32}},"591":{"start":{"line":1048,"column":2},"end":{"line":1050,"column":3}},"592":{"start":{"line":1049,"column":4},"end":{"line":1049,"column":50}},"593":{"start":{"line":1051,"column":2},"end":{"line":1051,"column":15}},"594":{"start":{"line":1054,"column":32},"end":{"line":1072,"column":1}},"595":{"start":{"line":1055,"column":2},"end":{"line":1055,"column":33}},"596":{"start":{"line":1056,"column":20},"end":{"line":1058,"column":3}},"597":{"start":{"line":1057,"column":4},"end":{"line":1057,"column":34}},"598":{"start":{"line":1059,"column":13},"end":{"line":1059,"column":15}},"599":{"start":{"line":1060,"column":14},"end":{"line":1060,"column":38}},"600":{"start":{"line":1061,"column":14},"end":{"line":1061,"column":30}},"601":{"start":{"line":1062,"column":2},"end":{"line":1070,"column":3}},"602":{"start":{"line":1062,"column":15},"end":{"line":1062,"column":16}},"603":{"start":{"line":1063,"column":14},"end":{"line":1063,"column":35}},"604":{"start":{"line":1064,"column":4},"end":{"line":1064,"column":28}},"605":{"start":{"line":1064,"column":20},"end":{"line":1064,"column":28}},"606":{"start":{"line":1065,"column":15},"end":{"line":1065,"column":41}},"607":{"start":{"line":1066,"column":16},"end":{"line":1066,"column":43}},"608":{"start":{"line":1067,"column":4},"end":{"line":1067,"column":28}},"609":{"start":{"line":1068,"column":4},"end":{"line":1068,"column":30}},"610":{"start":{"line":1069,"column":4},"end":{"line":1069,"column":22}},"611":{"start":{"line":1071,"column":2},"end":{"line":1071,"column":13}},"612":{"start":{"line":1074,"column":2},"end":{"line":1085,"column":3}},"613":{"start":{"line":1075,"column":14},"end":{"line":1075,"column":27}},"614":{"start":{"line":1076,"column":4},"end":{"line":1084,"column":5}},"615":{"start":{"line":1078,"column":18},"end":{"line":1078,"column":32}},"616":{"start":{"line":1079,"column":8},"end":{"line":1081,"column":9}},"617":{"start":{"line":1080,"column":10},"end":{"line":1080,"column":24}},"618":{"start":{"line":1082,"column":8},"end":{"line":1082,"column":18}},"619":{"start":{"line":1086,"column":14},"end":{"line":1086,"column":16}},"620":{"start":{"line":1087,"column":2},"end":{"line":1095,"column":3}},"621":{"start":{"line":1089,"column":16},"end":{"line":1089,"column":41}},"622":{"start":{"line":1090,"column":6},"end":{"line":1092,"column":7}},"623":{"start":{"line":1091,"column":8},"end":{"line":1091,"column":25}},"624":{"start":{"line":1093,"column":6},"end":{"line":1093,"column":16}},"625":{"start":{"line":1101,"column":2},"end":{"line":1103,"column":3}},"626":{"start":{"line":1102,"column":4},"end":{"line":1102,"column":17}},"627":{"start":{"line":1104,"column":2},"end":{"line":1106,"column":3}},"628":{"start":{"line":1105,"column":4},"end":{"line":1105,"column":18}},"629":{"start":{"line":1107,"column":2},"end":{"line":1107,"column":21}},"630":{"start":{"line":1115,"column":2},"end":{"line":1117,"column":3}},"631":{"start":{"line":1116,"column":4},"end":{"line":1116,"column":63}},"632":{"start":{"line":1118,"column":2},"end":{"line":1120,"column":3}},"633":{"start":{"line":1119,"column":4},"end":{"line":1119,"column":22}},"634":{"start":{"line":1122,"column":2},"end":{"line":1139,"column":3}},"635":{"start":{"line":1124,"column":4},"end":{"line":1124,"column":17}},"636":{"start":{"line":1125,"column":9},"end":{"line":1139,"column":3}},"637":{"start":{"line":1126,"column":4},"end":{"line":1126,"column":37}},"638":{"start":{"line":1127,"column":9},"end":{"line":1139,"column":3}},"639":{"start":{"line":1129,"column":6},"end":{"line":1137,"column":16}},"640":{"start":{"line":1138,"column":4},"end":{"line":1138,"column":43}},"641":{"start":{"line":1141,"column":2},"end":{"line":1150,"column":3}},"642":{"start":{"line":1143,"column":4},"end":{"line":1143,"column":20}},"643":{"start":{"line":1144,"column":9},"end":{"line":1150,"column":3}},"644":{"start":{"line":1145,"column":17},"end":{"line":1145,"column":62}},"645":{"start":{"line":1146,"column":4},"end":{"line":1148,"column":5}},"646":{"start":{"line":1146,"column":17},"end":{"line":1146,"column":18}},"647":{"start":{"line":1147,"column":6},"end":{"line":1147,"column":75}},"648":{"start":{"line":1149,"column":4},"end":{"line":1149,"column":17}},"649":{"start":{"line":1152,"column":15},"end":{"line":1152,"column":67}},"650":{"start":{"line":1153,"column":2},"end":{"line":1161,"column":3}},"651":{"start":{"line":1154,"column":4},"end":{"line":1160,"column":5}},"652":{"start":{"line":1155,"column":6},"end":{"line":1159,"column":7}},"653":{"start":{"line":1162,"column":2},"end":{"line":1162,"column":15}},"654":{"start":{"line":1172,"column":2},"end":{"line":1172,"column":36}},"655":{"start":{"line":1174,"column":18},"end":{"line":1238,"column":1}},"656":{"start":{"line":1175,"column":15},"end":{"line":1175,"column":17}},"657":{"start":{"line":1176,"column":19},"end":{"line":1188,"column":3}},"658":{"start":{"line":1189,"column":24},"end":{"line":1197,"column":3}},"659":{"start":{"line":1191,"column":4},"end":{"line":1196,"column":5}},"660":{"start":{"line":1192,"column":6},"end":{"line":1192,"column":44}},"661":{"start":{"line":1193,"column":6},"end":{"line":1193,"column":49}},"662":{"start":{"line":1195,"column":6},"end":{"line":1195,"column":18}},"663":{"start":{"line":1198,"column":2},"end":{"line":1236,"column":3}},"664":{"start":{"line":1199,"column":4},"end":{"line":1199,"column":25}},"665":{"start":{"line":1200,"column":4},"end":{"line":1209,"column":5}},"666":{"start":{"line":1201,"column":6},"end":{"line":1208,"column":10}},"667":{"start":{"line":1202,"column":21},"end":{"line":1202,"column":54}},"668":{"start":{"line":1203,"column":8},"end":{"line":1207,"column":9}},"669":{"start":{"line":1205,"column":12},"end":{"line":1205,"column":38}},"670":{"start":{"line":1211,"column":17},"end":{"line":1211,"column":33}},"671":{"start":{"line":1212,"column":4},"end":{"line":1214,"column":5}},"672":{"start":{"line":1213,"column":6},"end":{"line":1213,"column":25}},"673":{"start":{"line":1215,"column":15},"end":{"line":1215,"column":42}},"674":{"start":{"line":1216,"column":4},"end":{"line":1216,"column":19}},"675":{"start":{"line":1217,"column":4},"end":{"line":1220,"column":5}},"676":{"start":{"line":1217,"column":17},"end":{"line":1217,"column":38}},"677":{"start":{"line":1218,"column":17},"end":{"line":1218,"column":30}},"678":{"start":{"line":1219,"column":6},"end":{"line":1219,"column":31}},"679":{"start":{"line":1221,"column":4},"end":{"line":1227,"column":5}},"680":{"start":{"line":1226,"column":6},"end":{"line":1226,"column":45}},"681":{"start":{"line":1228,"column":4},"end":{"line":1235,"column":8}},"682":{"start":{"line":1229,"column":19},"end":{"line":1229,"column":52}},"683":{"start":{"line":1230,"column":6},"end":{"line":1234,"column":7}},"684":{"start":{"line":1232,"column":10},"end":{"line":1232,"column":36}},"685":{"start":{"line":1237,"column":2},"end":{"line":1237,"column":15}},"686":{"start":{"line":1240,"column":30},"end":{"line":1249,"column":1}},"687":{"start":{"line":1241,"column":29},"end":{"line":1241,"column":54}},"688":{"start":{"line":1242,"column":2},"end":{"line":1248,"column":3}},"689":{"start":{"line":1243,"column":4},"end":{"line":1243,"column":20}},"690":{"start":{"line":1244,"column":9},"end":{"line":1248,"column":3}},"691":{"start":{"line":1245,"column":4},"end":{"line":1245,"column":20}},"692":{"start":{"line":1247,"column":4},"end":{"line":1247,"column":31}},"693":{"start":{"line":1250,"column":37},"end":{"line":1276,"column":1}},"694":{"start":{"line":1251,"column":2},"end":{"line":1251,"column":49}},"695":{"start":{"line":1252,"column":20},"end":{"line":1252,"column":39}},"696":{"start":{"line":1253,"column":2},"end":{"line":1274,"column":3}},"697":{"start":{"line":1258,"column":20},"end":{"line":1258,"column":71}},"698":{"start":{"line":1259,"column":4},"end":{"line":1273,"column":5}},"699":{"start":{"line":1260,"column":6},"end":{"line":1261,"column":71}},"700":{"start":{"line":1262,"column":6},"end":{"line":1262,"column":71}},"701":{"start":{"line":1263,"column":6},"end":{"line":1272,"column":7}},"702":{"start":{"line":1264,"column":18},"end":{"line":1264,"column":28}},"703":{"start":{"line":1265,"column":8},"end":{"line":1265,"column":41}},"704":{"start":{"line":1266,"column":8},"end":{"line":1270,"column":19}},"705":{"start":{"line":1271,"column":8},"end":{"line":1271,"column":24}},"706":{"start":{"line":1275,"column":2},"end":{"line":1275,"column":11}},"707":{"start":{"line":1277,"column":26},"end":{"line":1286,"column":1}},"708":{"start":{"line":1278,"column":2},"end":{"line":1280,"column":3}},"709":{"start":{"line":1279,"column":4},"end":{"line":1279,"column":14}},"710":{"start":{"line":1281,"column":13},"end":{"line":1281,"column":15}},"711":{"start":{"line":1282,"column":2},"end":{"line":1284,"column":3}},"712":{"start":{"line":1282,"column":15},"end":{"line":1282,"column":16}},"713":{"start":{"line":1283,"column":4},"end":{"line":1283,"column":49}},"714":{"start":{"line":1285,"column":2},"end":{"line":1285,"column":13}},"715":{"start":{"line":1287,"column":26},"end":{"line":1314,"column":1}},"716":{"start":{"line":1288,"column":14},"end":{"line":1312,"column":3}},"717":{"start":{"line":1291,"column":6},"end":{"line":1291,"column":26}},"718":{"start":{"line":1292,"column":6},"end":{"line":1292,"column":18}},"719":{"start":{"line":1295,"column":6},"end":{"line":1295,"column":31}},"720":{"start":{"line":1298,"column":6},"end":{"line":1298,"column":26}},"721":{"start":{"line":1302,"column":6},"end":{"line":1305,"column":7}},"722":{"start":{"line":1303,"column":8},"end":{"line":1303,"column":25}},"723":{"start":{"line":1304,"column":8},"end":{"line":1304,"column":37}},"724":{"start":{"line":1308,"column":6},"end":{"line":1308,"column":20}},"725":{"start":{"line":1309,"column":6},"end":{"line":1309,"column":24}},"726":{"start":{"line":1310,"column":6},"end":{"line":1310,"column":18}},"727":{"start":{"line":1313,"column":2},"end":{"line":1313,"column":14}},"728":{"start":{"line":1315,"column":33},"end":{"line":1357,"column":1}},"729":{"start":{"line":1316,"column":2},"end":{"line":1318,"column":3}},"730":{"start":{"line":1317,"column":4},"end":{"line":1317,"column":12}},"731":{"start":{"line":1319,"column":2},"end":{"line":1355,"column":4}},"732":{"start":{"line":1320,"column":4},"end":{"line":1340,"column":5}},"733":{"start":{"line":1321,"column":17},"end":{"line":1321,"column":19}},"734":{"start":{"line":1322,"column":6},"end":{"line":1333,"column":8}},"735":{"start":{"line":1323,"column":8},"end":{"line":1332,"column":9}},"736":{"start":{"line":1324,"column":10},"end":{"line":1324,"column":25}},"737":{"start":{"line":1326,"column":10},"end":{"line":1331,"column":11}},"738":{"start":{"line":1334,"column":6},"end":{"line":1339,"column":7}},"739":{"start":{"line":1335,"column":8},"end":{"line":1335,"column":19}},"740":{"start":{"line":1337,"column":8},"end":{"line":1337,"column":19}},"741":{"start":{"line":1338,"column":8},"end":{"line":1338,"column":31}},"742":{"start":{"line":1341,"column":4},"end":{"line":1354,"column":5}},"743":{"start":{"line":1352,"column":6},"end":{"line":1352,"column":53}},"744":{"start":{"line":1353,"column":6},"end":{"line":1353,"column":17}},"745":{"start":{"line":1356,"column":2},"end":{"line":1356,"column":10}},"746":{"start":{"line":1359,"column":30},"end":{"line":1367,"column":1}},"747":{"start":{"line":1360,"column":2},"end":{"line":1366,"column":3}},"748":{"start":{"line":1361,"column":22},"end":{"line":1361,"column":34}},"749":{"start":{"line":1362,"column":4},"end":{"line":1362,"column":23}},"750":{"start":{"line":1363,"column":4},"end":{"line":1363,"column":22}},"751":{"start":{"line":1365,"column":4},"end":{"line":1365,"column":13}},"752":{"start":{"line":1371,"column":26},"end":{"line":1384,"column":1}},"753":{"start":{"line":1372,"column":2},"end":{"line":1374,"column":3}},"754":{"start":{"line":1373,"column":4},"end":{"line":1373,"column":13}},"755":{"start":{"line":1375,"column":2},"end":{"line":1375,"column":27}},"756":{"start":{"line":1376,"column":2},"end":{"line":1376,"column":9}},"757":{"start":{"line":1377,"column":11},"end":{"line":1377,"column":25}},"758":{"start":{"line":1378,"column":2},"end":{"line":1380,"column":3}},"759":{"start":{"line":1379,"column":4},"end":{"line":1379,"column":13}},"760":{"start":{"line":1381,"column":2},"end":{"line":1381,"column":16}},"761":{"start":{"line":1382,"column":11},"end":{"line":1382,"column":52}},"762":{"start":{"line":1383,"column":2},"end":{"line":1383,"column":30}},"763":{"start":{"line":1386,"column":2},"end":{"line":1386,"column":28}},"764":{"start":{"line":1386,"column":15},"end":{"line":1386,"column":28}},"765":{"start":{"line":1387,"column":2},"end":{"line":1389,"column":3}},"766":{"start":{"line":1391,"column":25},"end":{"line":1402,"column":1}},"767":{"start":{"line":1392,"column":12},"end":{"line":1392,"column":43}},"768":{"start":{"line":1393,"column":11},"end":{"line":1393,"column":34}},"769":{"start":{"line":1395,"column":2},"end":{"line":1400,"column":3}},"770":{"start":{"line":1396,"column":4},"end":{"line":1396,"column":60}},"771":{"start":{"line":1397,"column":4},"end":{"line":1399,"column":5}},"772":{"start":{"line":1398,"column":6},"end":{"line":1398,"column":36}},"773":{"start":{"line":1401,"column":2},"end":{"line":1401,"column":32}},"774":{"start":{"line":1403,"column":24},"end":{"line":1405,"column":1}},"775":{"start":{"line":1404,"column":2},"end":{"line":1404,"column":53}},"776":{"start":{"line":1409,"column":24},"end":{"line":1409,"column":28}},"777":{"start":{"line":1410,"column":24},"end":{"line":1410,"column":39}},"778":{"start":{"line":1411,"column":22},"end":{"line":1411,"column":37}},"779":{"start":{"line":1412,"column":21},"end":{"line":1412,"column":34}},"780":{"start":{"line":1413,"column":22},"end":{"line":1413,"column":35}},"781":{"start":{"line":1420,"column":2},"end":{"line":1420,"column":60}},"782":{"start":{"line":1424,"column":2},"end":{"line":1424,"column":31}},"783":{"start":{"line":1428,"column":2},"end":{"line":1430,"column":3}},"784":{"start":{"line":1429,"column":4},"end":{"line":1429,"column":19}},"785":{"start":{"line":1431,"column":2},"end":{"line":1431,"column":33}},"786":{"start":{"line":1434,"column":18},"end":{"line":1434,"column":20}},"787":{"start":{"line":1435,"column":2},"end":{"line":1437,"column":4}},"788":{"start":{"line":1436,"column":4},"end":{"line":1436,"column":30}},"789":{"start":{"line":1439,"column":2},"end":{"line":1439,"column":18}},"790":{"start":{"line":1443,"column":2},"end":{"line":1445,"column":3}},"791":{"start":{"line":1444,"column":4},"end":{"line":1444,"column":19}},"792":{"start":{"line":1446,"column":2},"end":{"line":1446,"column":33}},"793":{"start":{"line":1449,"column":2},"end":{"line":1449,"column":41}},"794":{"start":{"line":1452,"column":2},"end":{"line":1452,"column":22}},"795":{"start":{"line":1455,"column":2},"end":{"line":1455,"column":56}},"796":{"start":{"line":1458,"column":2},"end":{"line":1458,"column":26}},"797":{"start":{"line":1462,"column":2},"end":{"line":1462,"column":63}},"798":{"start":{"line":1465,"column":2},"end":{"line":1465,"column":18}},"799":{"start":{"line":1469,"column":2},"end":{"line":1469,"column":24}},"800":{"start":{"line":1477,"column":2},"end":{"line":1477,"column":29}},"801":{"start":{"line":1481,"column":2},"end":{"line":1481,"column":20}},"802":{"start":{"line":1485,"column":2},"end":{"line":1485,"column":57}},"803":{"start":{"line":1488,"column":2},"end":{"line":1488,"column":24}},"804":{"start":{"line":1491,"column":2},"end":{"line":1491,"column":38}},"805":{"start":{"line":1494,"column":2},"end":{"line":1494,"column":75}},"806":{"start":{"line":1498,"column":2},"end":{"line":1498,"column":75}},"807":{"start":{"line":1501,"column":2},"end":{"line":1501,"column":14}},"808":{"start":{"line":1504,"column":24},"end":{"line":1504,"column":53}},"809":{"start":{"line":1506,"column":2},"end":{"line":1508,"column":3}},"810":{"start":{"line":1507,"column":4},"end":{"line":1507,"column":53}},"811":{"start":{"line":1509,"column":2},"end":{"line":1509,"column":35}},"812":{"start":{"line":1516,"column":2},"end":{"line":1518,"column":3}},"813":{"start":{"line":1517,"column":4},"end":{"line":1517,"column":56}},"814":{"start":{"line":1519,"column":2},"end":{"line":1519,"column":24}},"815":{"start":{"line":1522,"column":32},"end":{"line":1522,"column":57}},"816":{"start":{"line":1524,"column":2},"end":{"line":1524,"column":41}},"817":{"start":{"line":1526,"column":2},"end":{"line":1535,"column":3}},"818":{"start":{"line":1527,"column":16},"end":{"line":1527,"column":57}},"819":{"start":{"line":1528,"column":4},"end":{"line":1534,"column":5}},"820":{"start":{"line":1529,"column":6},"end":{"line":1531,"column":7}},"821":{"start":{"line":1530,"column":8},"end":{"line":1530,"column":23}},"822":{"start":{"line":1533,"column":6},"end":{"line":1533,"column":11}},"823":{"start":{"line":1539,"column":15},"end":{"line":1539,"column":24}},"824":{"start":{"line":1540,"column":2},"end":{"line":1540,"column":41}},"825":{"start":{"line":1542,"column":2},"end":{"line":1549,"column":3}},"826":{"start":{"line":1543,"column":16},"end":{"line":1543,"column":57}},"827":{"start":{"line":1544,"column":4},"end":{"line":1548,"column":5}},"828":{"start":{"line":1545,"column":6},"end":{"line":1545,"column":36}},"829":{"start":{"line":1547,"column":6},"end":{"line":1547,"column":11}},"830":{"start":{"line":1550,"column":2},"end":{"line":1550,"column":15}},"831":{"start":{"line":1553,"column":16},"end":{"line":1553,"column":31}},"832":{"start":{"line":1554,"column":2},"end":{"line":1561,"column":3}},"833":{"start":{"line":1555,"column":14},"end":{"line":1555,"column":29}},"834":{"start":{"line":1556,"column":4},"end":{"line":1560,"column":5}},"835":{"start":{"line":1557,"column":6},"end":{"line":1557,"column":26}},"836":{"start":{"line":1559,"column":6},"end":{"line":1559,"column":22}},"837":{"start":{"line":1562,"column":2},"end":{"line":1562,"column":15}},"838":{"start":{"line":1565,"column":17},"end":{"line":1565,"column":49}},"839":{"start":{"line":1567,"column":2},"end":{"line":1569,"column":3}},"840":{"start":{"line":1568,"column":4},"end":{"line":1568,"column":41}},"841":{"start":{"line":1570,"column":2},"end":{"line":1570,"column":35}},"842":{"start":{"line":1573,"column":19},"end":{
[...]
":{"line":1445,"column":3}},"type":"if","locations":[{"start":{"line":1443,"column":2},"end":{"line":1445,"column":3}},{"start":{"line":1443,"column":2},"end":{"line":1445,"column":3}}],"line":1443},"213":{"loc":{"start":{"line":1506,"column":2},"end":{"line":1508,"column":3}},"type":"if","locations":[{"start":{"line":1506,"column":2},"end":{"line":1508,"column":3}},{"start":{"line":1506,"column":2},"end":{"line":1508,"column":3}}],"line":1506},"214":{"loc":{"start":{"line":1516,"column":2},"end":{"line":1518,"column":3}},"type":"if","locations":[{"start":{"line":1516,"column":2},"end":{"line":1518,"column":3}},{"start":{"line":1516,"column":2},"end":{"line":1518,"column":3}}],"line":1516},"215":{"loc":{"start":{"line":1528,"column":4},"end":{"line":1534,"column":5}},"type":"if","locations":[{"start":{"line":1528,"column":4},"end":{"line":1534,"column":5}},{"start":{"line":1528,"column":4},"end":{"line":1534,"column":5}}],"line":1528},"216":{"loc":{"start":{"line":1529,"column":6},"end":{"line":1531,"column":7}},"type":"if","locations":[{"start":{"line":1529,"column":6},"end":{"line":1531,"column":7}},{"start":{"line":1529,"column":6},"end":{"line":1531,"column":7}}],"line":1529},"217":{"loc":{"start":{"line":1544,"column":4},"end":{"line":1548,"column":5}},"type":"if","locations":[{"start":{"line":1544,"column":4},"end":{"line":1548,"column":5}},{"start":{"line":1544,"column":4},"end":{"line":1548,"column":5}}],"line":1544},"218":{"loc":{"start":{"line":1556,"column":4},"end":{"line":1560,"column":5}},"type":"if","locations":[{"start":{"line":1556,"column":4},"end":{"line":1560,"column":5}},{"start":{"line":1556,"column":4},"end":{"line":1560,"column":5}}],"line":1556},"219":{"loc":{"start":{"line":1556,"column":8},"end":{"line":1556,"column":67}},"type":"binary-expr","locations":[{"start":{"line":1556,"column":8},"end":{"line":1556,"column":14}},{"start":{"line":1556,"column":18},"end":{"line":1556,"column":31}},{"start":{"line":1556,"column":35},"end":{"line":1556,"column":67}}],"line":1556},"220":{"loc":{"start":{"line":1567,"column":2},"end":{"line":1569,"column":3}},"type":"if","locations":[{"start":{"line":1567,"column":2},"end":{"line":1569,"column":3}},{"start":{"line":1567,"column":2},"end":{"line":1569,"column":3}}],"line":1567},"221":{"loc":{"start":{"line":1567,"column":6},"end":{"line":1567,"column":46}},"type":"binary-expr","locations":[{"start":{"line":1567,"column":6},"end":{"line":1567,"column":24}},{"start":{"line":1567,"column":28},"end":{"line":1567,"column":46}}],"line":1567},"222":{"loc":{"start":{"line":1575,"column":4},"end":{"line":1575,"column":78}},"type":"binary-expr","locations":[{"start":{"line":1575,"column":4},"end":{"line":1575,"column":25}},{"start":{"line":1575,"column":29},"end":{"line":1575,"column":52}},{"start":{"line":1575,"column":56},"end":{"line":1575,"column":78}}],"line":1575},"223":{"loc":{"start":{"line":1586,"column":4},"end":{"line":1588,"column":5}},"type":"if","locations":[{"start":{"line":1586,"column":4},"end":{"line":1588,"column":5}},{"start":{"line":1586,"column":4},"end":{"line":1588,"column":5}}],"line":1586},"224":{"loc":{"start":{"line":1593,"column":2},"end":{"line":1595,"column":3}},"type":"if","locations":[{"start":{"line":1593,"column":2},"end":{"line":1595,"column":3}},{"start":{"line":1593,"column":2},"end":{"line":1595,"column":3}}],"line":1593},"225":{"loc":{"start":{"line":1597,"column":2},"end":{"line":1605,"column":3}},"type":"if","locations":[{"start":{"line":1597,"column":2},"end":{"line":1605,"column":3}},{"start":{"line":1597,"column":2},"end":{"line":1605,"column":3}}],"line":1597},"226":{"loc":{"start":{"line":1611,"column":4},"end":{"line":1613,"column":5}},"type":"if","locations":[{"start":{"line":1611,"column":4},"end":{"line":1613,"column":5}},{"start":{"line":1611,"column":4},"end":{"line":1613,"column":5}}],"line":1611},"227":{"loc":{"start":{"line":1618,"column":9},"end":{"line":1618,"column":54}},"type":"binary-expr","locations":[{"start":{"line":1618,"column":9},"end":{"line":1618,"column":24}},{"start":{"line":1618,"column":28},"end":{"line":1618,"column":38}},{"start":{"line":1618,"column":42},"end":{"line":1618,"column":54}}],"line":1618},"228":{"loc":{"start":{"line":1647,"column":2},"end":{"line":1649,"column":3}},"type":"if","locations":[{"start":{"line":1647,"column":2},"end":{"line":1649,"column":3}},{"start":{"line":1647,"column":2},"end":{"line":1649,"column":3}}],"line":1647},"229":{"loc":{"start":{"line":1651,"column":2},"end":{"line":1653,"column":3}},"type":"if","locations":[{"start":{"line":1651,"column":2},"end":{"line":1653,"column":3}},{"start":{"line":1651,"column":2},"end":{"line":1653,"column":3}}],"line":1651},"230":{"loc":{"start":{"line":1651,"column":6},"end":{"line":1651,"column":62}},"type":"binary-expr","locations":[{"start":{"line":1651,"column":6},"end":{"line":1651,"column":26}},{"start":{"line":1651,"column":30},"end":{"line":1651,"column":62}}],"line":1651},"231":{"loc":{"start":{"line":1655,"column":2},"end":{"line":1663,"column":3}},"type":"if","locations":[{"start":{"line":1655,"column":2},"end":{"line":1663,"column":3}},{"start":{"line":1655,"column":2},"end":{"line":1663,"column":3}}],"line":1655},"232":{"loc":{"start":{"line":1659,"column":4},"end":{"line":1660,"column":69}},"type":"binary-expr","locations":[{"start":{"line":1659,"column":4},"end":{"line":1659,"column":58}},{"start":{"line":1660,"column":5},"end":{"line":1660,"column":30}},{"start":{"line":1660,"column":34},"end":{"line":1660,"column":68}}],"line":1659},"233":{"loc":{"start":{"line":1665,"column":2},"end":{"line":1667,"column":3}},"type":"if","locations":[{"start":{"line":1665,"column":2},"end":{"line":1667,"column":3}},{"start":{"line":1665,"column":2},"end":{"line":1667,"column":3}}],"line":1665},"234":{"loc":{"start":{"line":1677,"column":2},"end":{"line":1679,"column":3}},"type":"if","locations":[{"start":{"line":1677,"column":2},"end":{"line":1679,"column":3}},{"start":{"line":1677,"column":2},"end":{"line":1679,"column":3}}],"line":1677},"235":{"loc":{"start":{"line":1677,"column":6},"end":{"line":1677,"column":49}},"type":"binary-expr","locations":[{"start":{"line":1677,"column":6},"end":{"line":1677,"column":20}},{"start":{"line":1677,"column":24},"end":{"line":1677,"column":49}}],"line":1677},"236":{"loc":{"start":{"line":1693,"column":2},"end":{"line":1697,"column":3}},"type":"if","locations":[{"start":{"line":1693,"column":2},"end":{"line":1697,"column":3}},{"start":{"line":1693,"column":2},"end":{"line":1697,"column":3}}],"line":1693},"237":{"loc":{"start":{"line":1698,"column":2},"end":{"line":1700,"column":3}},"type":"if","locations":[{"start":{"line":1698,"column":2},"end":{"line":1700,"column":3}},{"start":{"line":1698,"column":2},"end":{"line":1700,"column":3}}],"line":1698},"238":{"loc":{"start":{"line":1698,"column":6},"end":{"line":1698,"column":57}},"type":"binary-expr","locations":[{"start":{"line":1698,"column":6},"end":{"line":1698,"column":35}},{"start":{"line":1698,"column":39},"end":{"line":1698,"column":57}}],"line":1698},"239":{"loc":{"start":{"line":1707,"column":14},"end":{"line":1707,"column":36}},"type":"cond-expr","locations":[{"start":{"line":1707,"column":28},"end":{"line":1707,"column":31}},{"start":{"line":1707,"column":34},"end":{"line":1707,"column":36}}],"line":1707},"240":{"loc":{"start":{"line":1713,"column":2},"end":{"line":1717,"column":3}},"type":"if","locations":[{"start":{"line":1713,"column":2},"end":{"line":1717,"column":3}},{"start":{"line":1713,"column":2},"end":{"line":1717,"column":3}}],"line":1713},"241":{"loc":{"start":{"line":1713,"column":6},"end":{"line":1713,"column":38}},"type":"binary-expr","locations":[{"start":{"line":1713,"column":6},"end":{"line":1713,"column":19}},{"start":{"line":1713,"column":23},"end":{"line":1713,"column":38}}],"line":1713},"242":{"loc":{"start":{"line":1743,"column":2},"end":{"line":1743,"column":36}},"type":"if","locations":[{"start":{"line":1743,"column":2},"end":{"line":1743,"column":36}},{"start":{"line":1743,"column":2},"end":{"line":1743,"column":36}}],"line":1743},"243":{"loc":{"start":{"line":1748,"column":9},"end":{"line":1748,"column":48}},"type":"cond-expr","locations":[{"start":{"line":1748,"column":21},"end":{"line":1748,"column":25}},{"start":{"line":1748,"column":28},"end":{"line":1748,"column":48}}],"line":1748}},"s":{"0":1,"1":1,"2":1,"3":1,"4":1,"5":1,"6":1,"7":1,"8":1,"9":1,"10":11,"11":0,"12":11,"13":11,"14":0,"15":0,"16":0,"17":0,"18":0,"19":0,"20":0,"21":0,"22":0,"23":0,"24":0,"25":0,"26":0,"27":0,"28":0,"29":0,"30":1,"31":0,"32":0,"33":0,"34":0,"35":0,"36":1,"37":0,"38":0,"39":0,"40":0,"41":0,"42":0,"43":0,"44":1,"45":0,"46":0,"47":0,"48":0,"49":0,"50":1,"51":0,"52":1,"53":0,"54":0,"55":0,"56":0,"57":0,"58":1,"59":0,"60":1,"61":0,"62":0,"63":0,"64":0,"65":0,"66":0,"67":0,"68":0,"69":0,"70":1,"71":0,"72":0,"73":0,"74":0,"75":0,"76":0,"77":1,"78":0,"79":0,"80":0,"81":0,"82":0,"83":0,"84":1,"85":0,"86":0,"87":0,"88":0,"89":0,"90":0,"91":0,"92":0,"93":1,"94":0,"95":0,"96":0,"97":1,"98":6,"99":6,"100":0,"101":0,"102":0,"103":0,"104":0,"105":0,"106":0,"107":0,"108":0,"109":1,"110":2,"111":2,"112":0,"113":0,"114":0,"115":0,"116":0,"117":0,"118":0,"119":0,"120":1,"121":0,"122":0,"123":0,"124":0,"125":0,"126":0,"127":0,"128":0,"129":0,"130":0,"131":0,"132":0,"133":1,"134":0,"135":0,"136":0,"137":0,"138":0,"139":0,"140":0,"141":0,"142":0,"143":0,"144":0,"145":0,"146":1,"147":0,"148":0,"149":0,"150":0,"151":0,"152":0,"153":0,"154":0,"155":0,"156":0,"157":0,"158":0,"159":1,"160":0,"161":0,"162":0,"163":0,"164":0,"165":0,"166":0,"167":0,"168":0,"169":1,"170":0,"171":0,"172":0,"173":0,"174":0,"175":0,"176":1,"177":0,"178":1,"179":0,"180":0,"181":0,"182":1,"183":0,"184":0,"185":0,"186":0,"187":0,"188":0,"189":1,"190":0,"191":0,"192":0,"193":0,"194":1,"195":0,"196":1,"197":0,"198":1,"199":0,"200":1,"201":0,"202":1,"203":0,"204":1,"205":0,"206":1,"207":0,"208":0,"209":0,"210":0,"211":1,"212":0,"213":0,"214":0,"215":0,"216":0,"217":1,"218":0,"219":0,"220":0,"221":0,"222":0,"223":1,"224":0,"225":0,"226":0,"227":0,"228":0,"229":0,"230":1,"231":0,"232":1,"233":0,"234":0,"235":0,"236":0,"237":0,"238":0,"239":0,"240":0,"241":0,"242":0,"243":0,"244":1,"245":0,"246":1,"247":0,"248":0,"249":0,"250":0,"251":0,"252":0,"253":0,"254":0,"255":0,"256":0,"257":0,"258":0,"259":0,"260":0,"261":0,"262":0,"263":0,"264":0,"265":0,"266":0,"267":1,"268":0,"269":0,"270":0,"271":0,"272":0,"273":0,"274":0,"275":0,"276":0,"277":0,"278":0,"279":0,"280":1,"281":0,"282":0,"283":1,"284":0,"285":0,"286":0,"287":0,"288":0,"289":0,"290":1,"291":0,"292":0,"293":0,"294":1,"295":0,"296":0,"297":0,"298":0,"299":0,"300":0,"301":1,"302":0,"303":0,"304":0,"305":0,"306":0,"307":0,"308":0,"309":0,"310":0,"311":1,"312":0,"313":0,"314":0,"315":0,"316":0,"317":1,"318":0,"319":0,"320":0,"321":0,"322":0,"323":0,"324":0,"325":0,"326":0,"327":0,"328":0,"329":0,"330":0,"331":0,"332":0,"333":0,"334":0,"335":0,"336":0,"337":0,"338":0,"339":1,"340":0,"341":0,"342":0,"343":0,"344":0,"345":0,"346":0,"347":0,"348":0,"349":0,"350":0,"351":0,"352":0,"353":0,"354":0,"355":0,"356":0,"357":0,"358":0,"359":0,"360":0,"361":0,"362":0,"363":0,"364":0,"365":0,"366":0,"367":0,"368":0,"369":0,"370":0,"371":0,"372":0,"373":0,"374":1,"375":0,"376":0,"377":0,"378":0,"379":0,"380":0,"381":0,"382":0,"383":1,"384":0,"385":0,"386":0,"387":0,"388":0,"389":0,"390":0,"391":0,"392":0,"393":0,"394":0,"395":0,"396":0,"397":0,"398":0,"399":0,"400":0,"401":0,"402":0,"403":0,"404":0,"405":0,"406":0,"407":0,"408":0,"409":0,"410":0,"411":0,"412":0,"413":0,"414":0,"415":0,"416":0,"417":0,"418":0,"419":0,"420":0,"421":0,"422":0,"423":0,"424":0,"425":0,"426":0,"427":0,"428":0,"429":0,"430":0,"431":0,"432":0,"433":0,"434":1,"435":0,"436":0,"437":0,"438":0,"439":0,"440":0,"441":0,"442":0,"443":0,"444":0,"445":0,"446":0,"447":0,"448":0,"449":0,"450":0,"451":0,"452":0,"453":0,"454":0,"455":0,"456":0,"457":0,"458":0,"459":1,"460":0,"461":0,"462":0,"463":0,"464":0,"465":0,"466":0,"467":0,"468":0,"469":0,"470":0,"471":0,"472":0,"473":0,"474":0,"475":0,"476":0,"477":1,"478":0,"479":0,"480":0,"481":0,"482":0,"483":0,"484":0,"485":0,"486":0,"487":0,"488":0,"489":1,"490":0,"491":0,"492":0,"493":0,"494":0,"495":0,"496":0,"497":1,"498":0,"499":0,"500":0,"501":0,"502":0,"503":0,"504":0,"505":0,"506":0,"507":0,"508":0,"509":0,"510":0,"511":0,"512":1,"513":0,"514":0,"515":0,"516":0,"517":0,"518":0,"519":0,"520":0,"521":0,"522":0,"523":0,"524":0,"525":0,"526":0,"527":0,"528":0,"529":0,"530":0,"531":0,"532":0,"533":0,"534":0,"535":0,"536":0,"537":0,"538":0,"539":0,"540":0,"541":0,"542":0,"543":0,"544":0,"545":0,"546":0,"547":0,"548":0,"549":0,"550":0,"551":0,"552":0,"553":0,"554":0,"555":0,"556":0,"557":0,"558":1,"559":0,"560":0,"561":0,"562":0,"563":0,"564":0,"565":0,"566":0,"567":0,"568":0,"569":0,"570":0,"571":0,"572":0,"573":0,"574":0,"575":0,"576":0,"577":0,"578":0,"579":0,"580":1,"581":0,"582":0,"583":0,"584":0,"585":0,"586":0,"587":1,"588":0,"589":0,"590":0,"591":0,"592":0,"593":0,"594":1,"595":0,"596":0,"597":0,"598":0,"599":0,"600":0,"601":0,"602":0,"603":0,"604":0,"605":0,"606":0,"607":0,"608":0,"609":0,"610":0,"611":0,"612":0,"613":0,"614":0,"615":0,"616":0,"617":0,"618":0,"619":0,"620":0,"621":0,"622":0,"623":0,"624":0,"625":0,"626":0,"627":0,"628":0,"629":0,"630":0,"631":0,"632":0,"633":0,"634":0,"635":0,"636":0,"637":0,"638":0,"639":0,"640":0,"641":0,"642":0,"643":0,"644":0,"645":0,"646":0,"647":0,"648":0,"649":0,"650":0,"651":0,"652":0,"653":0,"654":0,"655":1,"656":0,"657":0,"658":0,"659":0,"660":0,"661":0,"662":0,"663":0,"664":0,"665":0,"666":0,"667":0,"668":0,"669":0,"670":0,"671":0,"672":0,"673":0,"674":0,"675":0,"676":0,"677":0,"678":0,"679":0,"680":0,"681":0,"682":0,"683":0,"684":0,"685":0,"686":1,"687":0,"688":0,"689":0,"690":0,"691":0,"692":0,"693":1,"694":0,"695":0,"696":0,"697":0,"698":0,"699":0,"700":0,"701":0,"702":0,"703":0,"704":0,"705":0,"706":0,"707":1,"708":0,"709":0,"710":0,"711":0,"712":0,"713":0,"714":0,"715":1,"716":0,"717":0,"718":0,"719":0,"720":0,"721":0,"722":0,"723":0,"724":0,"725":0,"726":0,"727":0,"728":1,"729":0,"730":0,"731":0,"732":0,"733":0,"734":0,"735":0,"736":0,"737":0,"738":0,"739":0,"740":0,"741":0,"742":0,"743":0,"744":0,"745":0,"746":1,"747":0,"748":0,"749":0,"750":0,"751":0,"752":1,"753":0,"754":0,"755":0,"756":0,"757":0,"758":0,"759":0,"760":0,"761":0,"762":0,"763":0,"764":0,"765":0,"766":1,"767":0,"768":0,"769":0,"770":0,"771":0,"772":0,"773":0,"774":1,"775":0,"776":1,"777":1,"778":1,"779":1,"780":1,"781":0,"782":0,"783":0,"784":0,"785":0,"786":0,"787":0,"788":0,"789":0,"790":0,"791":0,"792":0,"793":0,"794":0,"795":0,"796":0,"797":0,"798":0,"799":0,"800":0,"801":0,"802":0,"803":0,"804":0,"805":0,"806":0,"807":0,"808":0,"809":0,"810":0,"811":0,"812":0,"813":0,"814":0,"815":1,"816":0,"817":0,"818":0,"819":0,"820":0,"821":0,"822":0,"823":0,"824":0,"825":0,"826":0,"827":0,"828":0,"829":0,"830":0,"831":0,"832":0,"833":0,"834":0,"835":0,"836":0,"837":0,"838":0,"839":0,"840":0,"841":0,"842":0,"843":0,"844":0,"845":0,"846":0,"847":0,"848":0,"849":0,"850":0,"851":0,"852":0,"853":0,"854":0,"855":0,"856":0,"857":0,"858":0,"859":0,"860":0,"861":0,"862":0,"863":0,"864":0,"865":0,"866":0,"867":0,"868":0,"869":1,"870":0,"871":0,"872":0,"873":0,"874":0,"875":0,"876":0,"877":0,"878":0,"879":0,"880":0,"881":0,"882":0,"883":0,"884":0,"885":0,"886":0,"887":0,"888":0,"889":0,"890":0,"891":0,"892":0,"893":0,"894":0,"895":0,"896":0,"897":0,"898":0,"899":0,"900":0,"901":0,"902":0,"903":0,"904":0,"905":0,"906":0,"907":0,"908":0,"909":0,"910":0,"911":0,"912":0,"913":0,"914":0,"915":0},"f":{"0":11,"1":0,"2":0,"3":0,"4":0,"5":0,"6":0,"7":0,"8":0,"9":0,"10":0,"11":0,"12":0,"13":0,"14":0,"15":0,"16":0,"17":0,"18":0,"19":0,"20":6,"21":2,"22":0,"23":0,"24":0,"25":0,"26":0,"27":0,"28":0,"29":0,"30":0,"31":0,"32":0,"33":0,"34":0,"35":0,"36":0,"37":0,"38":0,"39":0,"40":0,"41":0,"42":0,"43":0,"44":0,"45":0,"46":0,"47":0,"48":0,"49":0,"50":0,"51":0,"52":0,"53":0,"54":0,"55":0,"56":0,"57":0,"58":0,"59":0,"60":0,"61":0,"62":0,"63":0,"64":0,"65":0,"66":0,"67":0,"68":0,"69":0,"70":0,"71":0,"72":0,"73":0,"74":0,"75":0,"76":0,"77":0,"78":0,"79":0,"80":0,"81":0,"82":0,"83":0,"84":0,"85":0,"86":0,"87":0,"88":0,"89":0,"90":0,"91":0,"92":0,"93":0,"94":0,"95":0,"96":0,"97":0,"98":0,"99":0,"100":0,"101":0,"102":0,"103":0,"104":0,"105":0,"106":0,"107":0,"108":0,"109":0,"110":0,"111":0,"112":0,"113":0,"114":0,"115":0,"116":0,"117":0,"118":0,"119":0,"120":0,"121":0,"122":0,"123":0,"124":0,"125":0,"126":0,"127":0,"128":0,"129":0,"130":0,"131":0,"132":0,"133":0,"134":0,"135":0,"136":0,"137":0,"138":0,"139":0,"140":0,"141":0,"142":0,"143":0,"144":0,"145":0,"146":0,"147":0,"148":0,"149":0,"150":0,"151":0,"152":0,"153":0,"154":0,"155":0,"156":0,"157":0,"158":0,"159":0,"160":0,"161":0,"162":0,"163":0,"164":0,"165":0,"166":0,"167":0,"168":0,"169":0,"170":0,"171":0,"172":0,"173":0,"174":0,"175":0,"176":0,"177":0,"178":0,"179":0,"180":0,"181":0,"182":0,"183":0,"184":0,"185":0,"186":0,"187":0,"188":0,"189":0,"190":0,"191":0},"b":{"0":[0,11],"1":[11,0],"2":[11,11],"3":[0,0],"4":[0,0],"5":[0,0],"6":[0,0],"7":[0,0],"8":[0,0],"9":[0,0],"10":[0,0],"11":[0,0],"12":[0,0],"13":[0,0],"14":[0,0],"15":[1,0],"16":[0,0],"17":[0,0],"18":[0,0],"19":[0,0],"20":[0,0],"21":[0,0],"22":[0,0],"23":[0,0],"24":[0,0],"25":[0,0],"26":[0,0],"27":[0,0],"28":[6,0],"29":[0,0],"30":[0,0],"31":[2,0],"32":[0,0],"33":[0,0],"34":[0,0],"35":[0,0],"36":[0,0],"37":[0,0],"38":[0,0],"39":[0,0],"40":[0,0],"41":[0,0],"42":[0,0],"43":[0,0],"44":[0,0],"45":[0,0],"46":[0,0],"47":[0,0],"48":[0,0],"49":[0,0],"50":[0,0],"51":[0,0],"52":[0,0],"53":[0,0],"54":[0,0],"55":[0,0],"56":[0,0,0],"57":[0,0],"58":[0,0],"59":[0,0],"60":[0,0],"61":[0,0],"62":[0,0],"63":[0,0],"64":[1,0],"65":[0,0],"66":[0,0],"67":[0,0],"68":[0,0],"69":[0,0],"70":[0,0],"71":[0,0],"72":[0,0],"73":[0,0],"74":[0,0],"75":[0,0],"76":[0,0],"77":[0,0],"78":[0,0],"79":[0,0],"80":[0,0],"81":[0,0],"82":[0,0],"83":[0,0],"84":[0,0],"85":[0,0],"86":[0,0],"87":[0,0],"88":[0,0],"89":[0,0],"90":[0,0],"91":[0,0],"92":[0,0],"93":[0,0],"94":[0,0],"95":[0,0],"96":[0,0],"97":[0,0,0,0],"98":[0,0],"99":[0,0],"100":[0,0],"101":[0,0],"102":[0,0],"103":[0,0],"104":[0,0],"105":[0,0],"106":[0,0],"107":[0,0],"108":[0,0],"109":[0,0],"110":[0,0],"111":[0,0],"112":[0,0],"113":[0,0],"114":[0,0],"115":[0,0],"116":[0,0],"117":[0,0],"118":[0,0],"119":[0,0],"120":[0,0],"121":[0,0],"122":[0,0],"123":[0,0],"124":[0,0],"125":[0,0],"126":[0,0],"127":[0,0],"128":[0,0],"129":[0,0],"130":[0,0],"131":[0,0],"132":[0,0],"133":[0,0],"134":[0,0],"135":[0,0],"136":[0,0],"137":[0,0],"138":[0,0],"139":[0,0,0],"140":[0,0],"141":[0,0],"142":[0,0],"143":[0,0],"144":[0,0],"145":[0,0],"146":[0,0],"147":[0,0],"148":[0,0],"149":[0,0,0],"150":[0,0],"151":[0,0],"152":[0,0],"153":[0,0],"154":[0,0],"155":[0,0],"156":[0,0],"157":[0,0],"158":[0,0],"159":[0,0],"160":[0,0],"161":[0,0],"162":[0,0],"163":[0,0],"164":[0,0],"165":[0,0],"166":[0,0],"167":[0,0],"168":[0,0],"169":[0,0],"170":[0,0],"171":[0,0],"172":[0,0],"173":[0,0],"174":[0,0],"175":[0,0],"176":[0,0],"177":[0,0],"178":[0,0],"179":[0,0],"180":[0,0],"181":[0,0],"182":[0,0],"183":[0,0],"184":[0,0,0],"185":[0,0],"186":[0,0],"187":[0,0],"188":[0,0],"189":[0,0,0],"190":[0,0],"191":[0,0],"192":[0,0],"193":[0,0],"194":[0,0],"195":[0,0],"196":[0,0],"197":[0,0],"198":[0,0],"199":[0,0,0,0,0,0,0],"200":[0,0],"201":[0,0],"202":[0,0],"203":[0,0],"204":[0,0],"205":[0,0],"206":[0,0],"207":[0,0],"208":[0,0],"209":[0,0],"210":[0,0],"211":[0,0],"212":[0,0],"213":[0,0],"214":[0,0],"215":[0,0],"216":[0,0],"217":[0,0],"218":[0,0],"219":[0,0,0],"220":[0,0],"221":[0,0],"222":[0,0,0],"223":[0,0],"224":[0,0],"225":[0,0],"226":[0,0],"227":[0,0,0],"228":[0,0],"229":[0,0],"230":[0,0],"231":[0,0],"232":[0,0,0],"233":[0,0],"234":[0,0],"235":[0,0],"236":[0,0],"237":[0,0],"238":[0,0],"239":[0,0],"240":[0,0],"241":[0,0],"242":[0,0],"243":[0,0]},"_coverageSchema":"1a1c01bbd47fc00a2c39e90264f33305004495a9","hash":"7f3525b4038795e3cb57051c9fea6a2418365bc0"}
}
